2025-08-22 20:29:50 INFO  - HV000001: Hibernate Validator 8.0.2.Final
2025-08-22 20:29:50 INFO  - Starting SpotABirdApp using Java 17.0.13 with PID 9084 (C:\Users\eva_8\IdeaProjects\spot_a_bird_app\build\classes\java\main started by eva in C:\Users\eva_8\IdeaProjects\spot_a_bird_app)
2025-08-22 20:29:50 INFO  - No active profile set, falling back to 1 default profile: "default"
2025-08-22 20:30:08 INFO  - Bootstrapping Spring Data JPA repositories in DEFAULT mode.
2025-08-22 20:30:09 INFO  - Finished Spring Data repository scanning in 210 ms. Found 6 JPA repository interfaces.
2025-08-22 20:30:17 INFO  - Tomcat initialized with port 8080 (http)
2025-08-22 20:30:18 INFO  - Root WebApplicationContext: initialization completed in 26974 ms
2025-08-22 20:30:21 INFO  - HHH000412: Hibernate ORM core version 6.6.18.Final
2025-08-22 20:30:22 INFO  - HHH000026: Second-level cache disabled
2025-08-22 20:30:23 INFO  - No LoadTimeWeaver setup: ignoring JPA class transformer
2025-08-22 20:30:32 INFO  - HHH10001005: Database info:
	Database JDBC URL [Connecting through datasource 'HikariDataSource (HikariPool-1)']
	Database driver: undefined/unknown
	Database version: 8.0.41
	Autocommit mode: undefined/unknown
	Isolation level: undefined/unknown
	Minimum pool size: undefined/unknown
	Maximum pool size: undefined/unknown
2025-08-22 20:30:37 INFO  - HHH000489: No JTA platform available (set 'hibernate.transaction.jta.platform' to enable JTA platform integration)
2025-08-22 20:30:38 INFO  - Initialized JPA EntityManagerFactory for persistence unit 'default'
2025-08-22 20:30:39 INFO  - Hibernate is in classpath; If applicable, HQL parser will be used.
2025-08-22 20:30:41 INFO  - Global AuthenticationManager configured with UserDetailsService bean with name customUserDetailsService
2025-08-22 20:30:44 WARN  - spring.jpa.open-in-view is enabled by default. Therefore, database queries may be performed during view rendering. Explicitly configure spring.jpa.open-in-view to disable this warning
2025-08-22 20:30:47 INFO  - Tomcat started on port 8080 (http) with context path '/'
2025-08-22 20:30:47 INFO  - Started SpotABirdApp in 63.059 seconds (process running for 68.366)
2025-08-22 20:32:45 INFO  - Initializing Servlet 'dispatcherServlet'
2025-08-22 20:32:45 INFO  - Completed initialization in 0 ms
2025-08-22 20:32:49 INFO  - JWT: eyJhbGciOiJIUzI1NiJ9.eyJyb2xlIjoiQURNSU4iLCJ1c2VySWQiOjExLCJ1c2VybmFtZSI6ImFkbWluIiwic3ViIjoiYWRtaW4iLCJpYXQiOjE3NTU4ODM5NjgsImV4cCI6MTc1NTg5NDc2OH0.WBdbueEHuCpKpHx9c_UohAE-Gfq5ABPieAwOS6jQifM
2025-08-22 20:32:49 INFO  - Extracted username from JWT: admin
2025-08-22 20:32:49 INFO  - UserDetails loaded: admin
2025-08-22 20:32:50 INFO  - JWT: eyJhbGciOiJIUzI1NiJ9.eyJyb2xlIjoiQURNSU4iLCJ1c2VySWQiOjExLCJ1c2VybmFtZSI6ImFkbWluIiwic3ViIjoiYWRtaW4iLCJpYXQiOjE3NTU4ODM5NjgsImV4cCI6MTc1NTg5NDc2OH0.WBdbueEHuCpKpHx9c_UohAE-Gfq5ABPieAwOS6jQifM
2025-08-22 20:32:50 INFO  - Extracted username from JWT: admin
2025-08-22 20:32:50 INFO  - UserDetails loaded: admin
2025-08-22 20:32:51 WARN  - Serializing PageImpl instances as-is is not supported, meaning that there is no guarantee about the stability of the resulting JSON structure!
	For a stable JSON structure, please use Spring Data's PagedModel (globally via @EnableSpringDataWebSupport(pageSerializationMode = VIA_DTO))
	or Spring HATEOAS and Spring Data's PagedResourcesAssembler as documented in https://docs.spring.io/spring-data/commons/reference/repositories/core-extensions.html#core.web.pageables.

2025-08-22 20:32:51 INFO  - JWT: eyJhbGciOiJIUzI1NiJ9.eyJyb2xlIjoiQURNSU4iLCJ1c2VySWQiOjExLCJ1c2VybmFtZSI6ImFkbWluIiwic3ViIjoiYWRtaW4iLCJpYXQiOjE3NTU4ODM5NjgsImV4cCI6MTc1NTg5NDc2OH0.WBdbueEHuCpKpHx9c_UohAE-Gfq5ABPieAwOS6jQifM
2025-08-22 20:32:51 INFO  - Extracted username from JWT: admin
2025-08-22 20:32:51 INFO  - UserDetails loaded: admin
2025-08-22 20:52:28 INFO  - JWT: eyJhbGciOiJIUzI1NiJ9.eyJyb2xlIjoiQURNSU4iLCJ1c2VySWQiOjExLCJ1c2VybmFtZSI6ImFkbWluIiwic3ViIjoiYWRtaW4iLCJpYXQiOjE3NTU4ODM5NjgsImV4cCI6MTc1NTg5NDc2OH0.WBdbueEHuCpKpHx9c_UohAE-Gfq5ABPieAwOS6jQifM
2025-08-22 20:52:28 INFO  - Extracted username from JWT: admin
2025-08-22 20:52:28 INFO  - UserDetails loaded: admin
2025-08-22 20:52:28 INFO  - JWT: eyJhbGciOiJIUzI1NiJ9.eyJyb2xlIjoiQURNSU4iLCJ1c2VySWQiOjExLCJ1c2VybmFtZSI6ImFkbWluIiwic3ViIjoiYWRtaW4iLCJpYXQiOjE3NTU4ODM5NjgsImV4cCI6MTc1NTg5NDc2OH0.WBdbueEHuCpKpHx9c_UohAE-Gfq5ABPieAwOS6jQifM
2025-08-22 20:52:28 INFO  - Extracted username from JWT: admin
2025-08-22 20:52:28 INFO  - UserDetails loaded: admin
2025-08-22 20:53:34 INFO  - JWT: eyJhbGciOiJIUzI1NiJ9.eyJyb2xlIjoiQURNSU4iLCJ1c2VySWQiOjExLCJ1c2VybmFtZSI6ImFkbWluIiwic3ViIjoiYWRtaW4iLCJpYXQiOjE3NTU4ODM5NjgsImV4cCI6MTc1NTg5NDc2OH0.WBdbueEHuCpKpHx9c_UohAE-Gfq5ABPieAwOS6jQifM
2025-08-22 20:53:34 INFO  - Extracted username from JWT: admin
2025-08-22 20:53:34 INFO  - UserDetails loaded: admin
2025-08-22 20:53:34 INFO  - JWT: eyJhbGciOiJIUzI1NiJ9.eyJyb2xlIjoiQURNSU4iLCJ1c2VySWQiOjExLCJ1c2VybmFtZSI6ImFkbWluIiwic3ViIjoiYWRtaW4iLCJpYXQiOjE3NTU4ODM5NjgsImV4cCI6MTc1NTg5NDc2OH0.WBdbueEHuCpKpHx9c_UohAE-Gfq5ABPieAwOS6jQifM
2025-08-22 20:53:34 INFO  - Extracted username from JWT: admin
2025-08-22 20:53:34 INFO  - UserDetails loaded: admin
2025-08-22 20:55:06 INFO  - JWT: eyJhbGciOiJIUzI1NiJ9.eyJyb2xlIjoiQURNSU4iLCJ1c2VySWQiOjExLCJ1c2VybmFtZSI6ImFkbWluIiwic3ViIjoiYWRtaW4iLCJpYXQiOjE3NTU4ODM5NjgsImV4cCI6MTc1NTg5NDc2OH0.WBdbueEHuCpKpHx9c_UohAE-Gfq5ABPieAwOS6jQifM
2025-08-22 20:55:06 INFO  - Extracted username from JWT: admin
2025-08-22 20:55:06 INFO  - UserDetails loaded: admin
2025-08-22 20:55:06 INFO  - JWT: eyJhbGciOiJIUzI1NiJ9.eyJyb2xlIjoiQURNSU4iLCJ1c2VySWQiOjExLCJ1c2VybmFtZSI6ImFkbWluIiwic3ViIjoiYWRtaW4iLCJpYXQiOjE3NTU4ODM5NjgsImV4cCI6MTc1NTg5NDc2OH0.WBdbueEHuCpKpHx9c_UohAE-Gfq5ABPieAwOS6jQifM
2025-08-22 20:55:06 INFO  - Extracted username from JWT: admin
2025-08-22 20:55:06 INFO  - UserDetails loaded: admin
2025-08-22 20:56:37 INFO  - JWT: eyJhbGciOiJIUzI1NiJ9.eyJyb2xlIjoiQURNSU4iLCJ1c2VySWQiOjExLCJ1c2VybmFtZSI6ImFkbWluIiwic3ViIjoiYWRtaW4iLCJpYXQiOjE3NTU4ODM5NjgsImV4cCI6MTc1NTg5NDc2OH0.WBdbueEHuCpKpHx9c_UohAE-Gfq5ABPieAwOS6jQifM
2025-08-22 20:56:37 INFO  - Extracted username from JWT: admin
2025-08-22 20:56:37 INFO  - UserDetails loaded: admin
2025-08-22 20:56:37 INFO  - JWT: eyJhbGciOiJIUzI1NiJ9.eyJyb2xlIjoiQURNSU4iLCJ1c2VySWQiOjExLCJ1c2VybmFtZSI6ImFkbWluIiwic3ViIjoiYWRtaW4iLCJpYXQiOjE3NTU4ODM5NjgsImV4cCI6MTc1NTg5NDc2OH0.WBdbueEHuCpKpHx9c_UohAE-Gfq5ABPieAwOS6jQifM
2025-08-22 20:56:37 INFO  - Extracted username from JWT: admin
2025-08-22 20:56:37 INFO  - UserDetails loaded: admin
2025-08-22 21:26:42 INFO  - JWT: eyJhbGciOiJIUzI1NiJ9.eyJyb2xlIjoiQURNSU4iLCJ1c2VySWQiOjExLCJ1c2VybmFtZSI6ImFkbWluIiwic3ViIjoiYWRtaW4iLCJpYXQiOjE3NTU4ODM5NjgsImV4cCI6MTc1NTg5NDc2OH0.WBdbueEHuCpKpHx9c_UohAE-Gfq5ABPieAwOS6jQifM
2025-08-22 21:26:42 INFO  - Extracted username from JWT: admin
2025-08-22 21:26:42 INFO  - UserDetails loaded: admin
2025-08-22 21:39:14 INFO  - JWT: eyJhbGciOiJIUzI1NiJ9.eyJyb2xlIjoiQURNSU4iLCJ1c2VySWQiOjExLCJ1c2VybmFtZSI6ImFkbWluIiwic3ViIjoiYWRtaW4iLCJpYXQiOjE3NTU4ODM5NjgsImV4cCI6MTc1NTg5NDc2OH0.WBdbueEHuCpKpHx9c_UohAE-Gfq5ABPieAwOS6jQifM
2025-08-22 21:39:14 INFO  - Extracted username from JWT: admin
2025-08-22 21:39:14 INFO  - UserDetails loaded: admin
2025-08-22 21:39:19 INFO  - JWT: eyJhbGciOiJIUzI1NiJ9.eyJyb2xlIjoiQURNSU4iLCJ1c2VySWQiOjExLCJ1c2VybmFtZSI6ImFkbWluIiwic3ViIjoiYWRtaW4iLCJpYXQiOjE3NTU4ODM5NjgsImV4cCI6MTc1NTg5NDc2OH0.WBdbueEHuCpKpHx9c_UohAE-Gfq5ABPieAwOS6jQifM
2025-08-22 21:39:19 INFO  - JWT: eyJhbGciOiJIUzI1NiJ9.eyJyb2xlIjoiQURNSU4iLCJ1c2VySWQiOjExLCJ1c2VybmFtZSI6ImFkbWluIiwic3ViIjoiYWRtaW4iLCJpYXQiOjE3NTU4ODM5NjgsImV4cCI6MTc1NTg5NDc2OH0.WBdbueEHuCpKpHx9c_UohAE-Gfq5ABPieAwOS6jQifM
2025-08-22 21:39:19 INFO  - Extracted username from JWT: admin
2025-08-22 21:39:19 INFO  - Extracted username from JWT: admin
2025-08-22 21:39:19 INFO  - UserDetails loaded: admin
2025-08-22 21:39:19 INFO  - UserDetails loaded: admin
2025-08-22 21:39:19 INFO  - JWT: eyJhbGciOiJIUzI1NiJ9.eyJyb2xlIjoiQURNSU4iLCJ1c2VySWQiOjExLCJ1c2VybmFtZSI6ImFkbWluIiwic3ViIjoiYWRtaW4iLCJpYXQiOjE3NTU4ODM5NjgsImV4cCI6MTc1NTg5NDc2OH0.WBdbueEHuCpKpHx9c_UohAE-Gfq5ABPieAwOS6jQifM
2025-08-22 21:39:19 INFO  - Extracted username from JWT: admin
2025-08-22 21:39:19 INFO  - UserDetails loaded: admin
2025-08-22 21:39:20 INFO  - JWT: eyJhbGciOiJIUzI1NiJ9.eyJyb2xlIjoiQURNSU4iLCJ1c2VySWQiOjExLCJ1c2VybmFtZSI6ImFkbWluIiwic3ViIjoiYWRtaW4iLCJpYXQiOjE3NTU4ODM5NjgsImV4cCI6MTc1NTg5NDc2OH0.WBdbueEHuCpKpHx9c_UohAE-Gfq5ABPieAwOS6jQifM
2025-08-22 21:39:20 INFO  - Extracted username from JWT: admin
2025-08-22 21:39:20 INFO  - UserDetails loaded: admin
2025-08-22 21:40:29 INFO  - JWT: eyJhbGciOiJIUzI1NiJ9.eyJyb2xlIjoiQURNSU4iLCJ1c2VySWQiOjExLCJ1c2VybmFtZSI6ImFkbWluIiwic3ViIjoiYWRtaW4iLCJpYXQiOjE3NTU4ODM5NjgsImV4cCI6MTc1NTg5NDc2OH0.WBdbueEHuCpKpHx9c_UohAE-Gfq5ABPieAwOS6jQifM
2025-08-22 21:40:29 INFO  - Extracted username from JWT: admin
2025-08-22 21:40:29 INFO  - UserDetails loaded: admin
2025-08-22 21:40:29 INFO  - JWT: eyJhbGciOiJIUzI1NiJ9.eyJyb2xlIjoiQURNSU4iLCJ1c2VySWQiOjExLCJ1c2VybmFtZSI6ImFkbWluIiwic3ViIjoiYWRtaW4iLCJpYXQiOjE3NTU4ODM5NjgsImV4cCI6MTc1NTg5NDc2OH0.WBdbueEHuCpKpHx9c_UohAE-Gfq5ABPieAwOS6jQifM
2025-08-22 21:40:30 INFO  - Extracted username from JWT: admin
2025-08-22 21:40:30 INFO  - UserDetails loaded: admin
2025-08-22 21:40:30 INFO  - JWT: eyJhbGciOiJIUzI1NiJ9.eyJyb2xlIjoiQURNSU4iLCJ1c2VySWQiOjExLCJ1c2VybmFtZSI6ImFkbWluIiwic3ViIjoiYWRtaW4iLCJpYXQiOjE3NTU4ODM5NjgsImV4cCI6MTc1NTg5NDc2OH0.WBdbueEHuCpKpHx9c_UohAE-Gfq5ABPieAwOS6jQifM
2025-08-22 21:40:30 INFO  - JWT: eyJhbGciOiJIUzI1NiJ9.eyJyb2xlIjoiQURNSU4iLCJ1c2VySWQiOjExLCJ1c2VybmFtZSI6ImFkbWluIiwic3ViIjoiYWRtaW4iLCJpYXQiOjE3NTU4ODM5NjgsImV4cCI6MTc1NTg5NDc2OH0.WBdbueEHuCpKpHx9c_UohAE-Gfq5ABPieAwOS6jQifM
2025-08-22 21:40:30 INFO  - Extracted username from JWT: admin
2025-08-22 21:40:30 INFO  - Extracted username from JWT: admin
2025-08-22 21:40:30 INFO  - UserDetails loaded: admin
2025-08-22 21:40:30 INFO  - UserDetails loaded: admin
2025-08-22 21:40:30 INFO  - JWT: eyJhbGciOiJIUzI1NiJ9.eyJyb2xlIjoiQURNSU4iLCJ1c2VySWQiOjExLCJ1c2VybmFtZSI6ImFkbWluIiwic3ViIjoiYWRtaW4iLCJpYXQiOjE3NTU4ODM5NjgsImV4cCI6MTc1NTg5NDc2OH0.WBdbueEHuCpKpHx9c_UohAE-Gfq5ABPieAwOS6jQifM
2025-08-22 21:40:30 INFO  - JWT: eyJhbGciOiJIUzI1NiJ9.eyJyb2xlIjoiQURNSU4iLCJ1c2VySWQiOjExLCJ1c2VybmFtZSI6ImFkbWluIiwic3ViIjoiYWRtaW4iLCJpYXQiOjE3NTU4ODM5NjgsImV4cCI6MTc1NTg5NDc2OH0.WBdbueEHuCpKpHx9c_UohAE-Gfq5ABPieAwOS6jQifM
2025-08-22 21:40:30 INFO  - Extracted username from JWT: admin
2025-08-22 21:40:30 INFO  - Extracted username from JWT: admin
2025-08-22 21:40:30 INFO  - UserDetails loaded: admin
2025-08-22 21:40:30 INFO  - UserDetails loaded: admin
2025-08-22 21:41:12 INFO  - JWT: eyJhbGciOiJIUzI1NiJ9.eyJyb2xlIjoiQURNSU4iLCJ1c2VySWQiOjExLCJ1c2VybmFtZSI6ImFkbWluIiwic3ViIjoiYWRtaW4iLCJpYXQiOjE3NTU4ODM5NjgsImV4cCI6MTc1NTg5NDc2OH0.WBdbueEHuCpKpHx9c_UohAE-Gfq5ABPieAwOS6jQifM
2025-08-22 21:41:12 INFO  - Extracted username from JWT: admin
2025-08-22 21:41:12 INFO  - UserDetails loaded: admin
2025-08-22 21:41:12 INFO  - JWT: eyJhbGciOiJIUzI1NiJ9.eyJyb2xlIjoiQURNSU4iLCJ1c2VySWQiOjExLCJ1c2VybmFtZSI6ImFkbWluIiwic3ViIjoiYWRtaW4iLCJpYXQiOjE3NTU4ODM5NjgsImV4cCI6MTc1NTg5NDc2OH0.WBdbueEHuCpKpHx9c_UohAE-Gfq5ABPieAwOS6jQifM
2025-08-22 21:41:12 INFO  - Extracted username from JWT: admin
2025-08-22 21:41:12 INFO  - UserDetails loaded: admin
2025-08-22 21:41:12 INFO  - JWT: eyJhbGciOiJIUzI1NiJ9.eyJyb2xlIjoiQURNSU4iLCJ1c2VySWQiOjExLCJ1c2VybmFtZSI6ImFkbWluIiwic3ViIjoiYWRtaW4iLCJpYXQiOjE3NTU4ODM5NjgsImV4cCI6MTc1NTg5NDc2OH0.WBdbueEHuCpKpHx9c_UohAE-Gfq5ABPieAwOS6jQifM
2025-08-22 21:41:12 INFO  - JWT: eyJhbGciOiJIUzI1NiJ9.eyJyb2xlIjoiQURNSU4iLCJ1c2VySWQiOjExLCJ1c2VybmFtZSI6ImFkbWluIiwic3ViIjoiYWRtaW4iLCJpYXQiOjE3NTU4ODM5NjgsImV4cCI6MTc1NTg5NDc2OH0.WBdbueEHuCpKpHx9c_UohAE-Gfq5ABPieAwOS6jQifM
2025-08-22 21:41:12 INFO  - Extracted username from JWT: admin
2025-08-22 21:41:12 INFO  - Extracted username from JWT: admin
2025-08-22 21:41:12 INFO  - UserDetails loaded: admin
2025-08-22 21:41:12 INFO  - UserDetails loaded: admin
2025-08-22 21:41:12 INFO  - JWT: eyJhbGciOiJIUzI1NiJ9.eyJyb2xlIjoiQURNSU4iLCJ1c2VySWQiOjExLCJ1c2VybmFtZSI6ImFkbWluIiwic3ViIjoiYWRtaW4iLCJpYXQiOjE3NTU4ODM5NjgsImV4cCI6MTc1NTg5NDc2OH0.WBdbueEHuCpKpHx9c_UohAE-Gfq5ABPieAwOS6jQifM
2025-08-22 21:41:12 INFO  - Extracted username from JWT: admin
2025-08-22 21:41:12 INFO  - JWT: eyJhbGciOiJIUzI1NiJ9.eyJyb2xlIjoiQURNSU4iLCJ1c2VySWQiOjExLCJ1c2VybmFtZSI6ImFkbWluIiwic3ViIjoiYWRtaW4iLCJpYXQiOjE3NTU4ODM5NjgsImV4cCI6MTc1NTg5NDc2OH0.WBdbueEHuCpKpHx9c_UohAE-Gfq5ABPieAwOS6jQifM
2025-08-22 21:41:12 INFO  - UserDetails loaded: admin
2025-08-22 21:41:12 INFO  - Extracted username from JWT: admin
2025-08-22 21:41:12 INFO  - UserDetails loaded: admin
2025-08-22 21:42:48 INFO  - JWT: eyJhbGciOiJIUzI1NiJ9.eyJyb2xlIjoiQURNSU4iLCJ1c2VySWQiOjExLCJ1c2VybmFtZSI6ImFkbWluIiwic3ViIjoiYWRtaW4iLCJpYXQiOjE3NTU4ODM5NjgsImV4cCI6MTc1NTg5NDc2OH0.WBdbueEHuCpKpHx9c_UohAE-Gfq5ABPieAwOS6jQifM
2025-08-22 21:42:48 INFO  - Extracted username from JWT: admin
2025-08-22 21:42:48 INFO  - UserDetails loaded: admin
2025-08-22 21:42:48 INFO  - JWT: eyJhbGciOiJIUzI1NiJ9.eyJyb2xlIjoiQURNSU4iLCJ1c2VySWQiOjExLCJ1c2VybmFtZSI6ImFkbWluIiwic3ViIjoiYWRtaW4iLCJpYXQiOjE3NTU4ODM5NjgsImV4cCI6MTc1NTg5NDc2OH0.WBdbueEHuCpKpHx9c_UohAE-Gfq5ABPieAwOS6jQifM
2025-08-22 21:42:48 INFO  - Extracted username from JWT: admin
2025-08-22 21:42:48 INFO  - UserDetails loaded: admin
2025-08-22 21:42:48 INFO  - JWT: eyJhbGciOiJIUzI1NiJ9.eyJyb2xlIjoiQURNSU4iLCJ1c2VySWQiOjExLCJ1c2VybmFtZSI6ImFkbWluIiwic3ViIjoiYWRtaW4iLCJpYXQiOjE3NTU4ODM5NjgsImV4cCI6MTc1NTg5NDc2OH0.WBdbueEHuCpKpHx9c_UohAE-Gfq5ABPieAwOS6jQifM
2025-08-22 21:42:48 INFO  - Extracted username from JWT: admin
2025-08-22 21:42:48 INFO  - UserDetails loaded: admin
2025-08-22 21:42:48 INFO  - JWT: eyJhbGciOiJIUzI1NiJ9.eyJyb2xlIjoiQURNSU4iLCJ1c2VySWQiOjExLCJ1c2VybmFtZSI6ImFkbWluIiwic3ViIjoiYWRtaW4iLCJpYXQiOjE3NTU4ODM5NjgsImV4cCI6MTc1NTg5NDc2OH0.WBdbueEHuCpKpHx9c_UohAE-Gfq5ABPieAwOS6jQifM
2025-08-22 21:42:48 INFO  - Extracted username from JWT: admin
2025-08-22 21:42:48 INFO  - UserDetails loaded: admin
2025-08-22 21:42:51 INFO  - JWT: eyJhbGciOiJIUzI1NiJ9.eyJyb2xlIjoiQURNSU4iLCJ1c2VySWQiOjExLCJ1c2VybmFtZSI6ImFkbWluIiwic3ViIjoiYWRtaW4iLCJpYXQiOjE3NTU4ODM5NjgsImV4cCI6MTc1NTg5NDc2OH0.WBdbueEHuCpKpHx9c_UohAE-Gfq5ABPieAwOS6jQifM
2025-08-22 21:42:52 INFO  - JWT: eyJhbGciOiJIUzI1NiJ9.eyJyb2xlIjoiQURNSU4iLCJ1c2VySWQiOjExLCJ1c2VybmFtZSI6ImFkbWluIiwic3ViIjoiYWRtaW4iLCJpYXQiOjE3NTU4ODM5NjgsImV4cCI6MTc1NTg5NDc2OH0.WBdbueEHuCpKpHx9c_UohAE-Gfq5ABPieAwOS6jQifM
2025-08-22 21:42:52 INFO  - Extracted username from JWT: admin
2025-08-22 21:42:52 INFO  - Extracted username from JWT: admin
2025-08-22 21:42:52 INFO  - UserDetails loaded: admin
2025-08-22 21:42:52 INFO  - UserDetails loaded: admin
2025-08-22 21:42:52 INFO  - JWT: eyJhbGciOiJIUzI1NiJ9.eyJyb2xlIjoiQURNSU4iLCJ1c2VySWQiOjExLCJ1c2VybmFtZSI6ImFkbWluIiwic3ViIjoiYWRtaW4iLCJpYXQiOjE3NTU4ODM5NjgsImV4cCI6MTc1NTg5NDc2OH0.WBdbueEHuCpKpHx9c_UohAE-Gfq5ABPieAwOS6jQifM
2025-08-22 21:42:52 INFO  - JWT: eyJhbGciOiJIUzI1NiJ9.eyJyb2xlIjoiQURNSU4iLCJ1c2VySWQiOjExLCJ1c2VybmFtZSI6ImFkbWluIiwic3ViIjoiYWRtaW4iLCJpYXQiOjE3NTU4ODM5NjgsImV4cCI6MTc1NTg5NDc2OH0.WBdbueEHuCpKpHx9c_UohAE-Gfq5ABPieAwOS6jQifM
2025-08-22 21:42:52 INFO  - Extracted username from JWT: admin
2025-08-22 21:42:52 INFO  - Extracted username from JWT: admin
2025-08-22 21:42:52 INFO  - UserDetails loaded: admin
2025-08-22 21:42:52 INFO  - UserDetails loaded: admin
2025-08-22 21:45:58 INFO  - JWT: eyJhbGciOiJIUzI1NiJ9.eyJyb2xlIjoiQURNSU4iLCJ1c2VySWQiOjExLCJ1c2VybmFtZSI6ImFkbWluIiwic3ViIjoiYWRtaW4iLCJpYXQiOjE3NTU4ODM5NjgsImV4cCI6MTc1NTg5NDc2OH0.WBdbueEHuCpKpHx9c_UohAE-Gfq5ABPieAwOS6jQifM
2025-08-22 21:45:58 INFO  - Extracted username from JWT: admin
2025-08-22 21:45:58 INFO  - UserDetails loaded: admin
2025-08-22 21:45:58 INFO  - JWT: eyJhbGciOiJIUzI1NiJ9.eyJyb2xlIjoiQURNSU4iLCJ1c2VySWQiOjExLCJ1c2VybmFtZSI6ImFkbWluIiwic3ViIjoiYWRtaW4iLCJpYXQiOjE3NTU4ODM5NjgsImV4cCI6MTc1NTg5NDc2OH0.WBdbueEHuCpKpHx9c_UohAE-Gfq5ABPieAwOS6jQifM
2025-08-22 21:45:58 INFO  - Extracted username from JWT: admin
2025-08-22 21:45:58 INFO  - UserDetails loaded: admin
2025-08-22 21:45:58 INFO  - JWT: eyJhbGciOiJIUzI1NiJ9.eyJyb2xlIjoiQURNSU4iLCJ1c2VySWQiOjExLCJ1c2VybmFtZSI6ImFkbWluIiwic3ViIjoiYWRtaW4iLCJpYXQiOjE3NTU4ODM5NjgsImV4cCI6MTc1NTg5NDc2OH0.WBdbueEHuCpKpHx9c_UohAE-Gfq5ABPieAwOS6jQifM
2025-08-22 21:45:58 INFO  - Extracted username from JWT: admin
2025-08-22 21:45:58 INFO  - JWT: eyJhbGciOiJIUzI1NiJ9.eyJyb2xlIjoiQURNSU4iLCJ1c2VySWQiOjExLCJ1c2VybmFtZSI6ImFkbWluIiwic3ViIjoiYWRtaW4iLCJpYXQiOjE3NTU4ODM5NjgsImV4cCI6MTc1NTg5NDc2OH0.WBdbueEHuCpKpHx9c_UohAE-Gfq5ABPieAwOS6jQifM
2025-08-22 21:45:58 INFO  - UserDetails loaded: admin
2025-08-22 21:45:58 INFO  - Extracted username from JWT: admin
2025-08-22 21:45:58 INFO  - UserDetails loaded: admin
2025-08-22 21:45:58 INFO  - JWT: eyJhbGciOiJIUzI1NiJ9.eyJyb2xlIjoiQURNSU4iLCJ1c2VySWQiOjExLCJ1c2VybmFtZSI6ImFkbWluIiwic3ViIjoiYWRtaW4iLCJpYXQiOjE3NTU4ODM5NjgsImV4cCI6MTc1NTg5NDc2OH0.WBdbueEHuCpKpHx9c_UohAE-Gfq5ABPieAwOS6jQifM
2025-08-22 21:45:59 INFO  - JWT: eyJhbGciOiJIUzI1NiJ9.eyJyb2xlIjoiQURNSU4iLCJ1c2VySWQiOjExLCJ1c2VybmFtZSI6ImFkbWluIiwic3ViIjoiYWRtaW4iLCJpYXQiOjE3NTU4ODM5NjgsImV4cCI6MTc1NTg5NDc2OH0.WBdbueEHuCpKpHx9c_UohAE-Gfq5ABPieAwOS6jQifM
2025-08-22 21:45:59 INFO  - Extracted username from JWT: admin
2025-08-22 21:45:59 INFO  - Extracted username from JWT: admin
2025-08-22 21:45:59 INFO  - UserDetails loaded: admin
2025-08-22 21:45:59 INFO  - UserDetails loaded: admin
2025-08-22 21:47:36 INFO  - JWT: eyJhbGciOiJIUzI1NiJ9.eyJyb2xlIjoiQURNSU4iLCJ1c2VySWQiOjExLCJ1c2VybmFtZSI6ImFkbWluIiwic3ViIjoiYWRtaW4iLCJpYXQiOjE3NTU4ODM5NjgsImV4cCI6MTc1NTg5NDc2OH0.WBdbueEHuCpKpHx9c_UohAE-Gfq5ABPieAwOS6jQifM
2025-08-22 21:47:36 INFO  - Extracted username from JWT: admin
2025-08-22 21:47:36 INFO  - UserDetails loaded: admin
2025-08-22 21:47:37 INFO  - JWT: eyJhbGciOiJIUzI1NiJ9.eyJyb2xlIjoiQURNSU4iLCJ1c2VySWQiOjExLCJ1c2VybmFtZSI6ImFkbWluIiwic3ViIjoiYWRtaW4iLCJpYXQiOjE3NTU4ODM5NjgsImV4cCI6MTc1NTg5NDc2OH0.WBdbueEHuCpKpHx9c_UohAE-Gfq5ABPieAwOS6jQifM
2025-08-22 21:47:37 INFO  - Extracted username from JWT: admin
2025-08-22 21:47:37 INFO  - UserDetails loaded: admin
2025-08-22 21:47:37 INFO  - JWT: eyJhbGciOiJIUzI1NiJ9.eyJyb2xlIjoiQURNSU4iLCJ1c2VySWQiOjExLCJ1c2VybmFtZSI6ImFkbWluIiwic3ViIjoiYWRtaW4iLCJpYXQiOjE3NTU4ODM5NjgsImV4cCI6MTc1NTg5NDc2OH0.WBdbueEHuCpKpHx9c_UohAE-Gfq5ABPieAwOS6jQifM
2025-08-22 21:47:37 INFO  - JWT: eyJhbGciOiJIUzI1NiJ9.eyJyb2xlIjoiQURNSU4iLCJ1c2VySWQiOjExLCJ1c2VybmFtZSI6ImFkbWluIiwic3ViIjoiYWRtaW4iLCJpYXQiOjE3NTU4ODM5NjgsImV4cCI6MTc1NTg5NDc2OH0.WBdbueEHuCpKpHx9c_UohAE-Gfq5ABPieAwOS6jQifM
2025-08-22 21:47:37 INFO  - Extracted username from JWT: admin
2025-08-22 21:47:37 INFO  - Extracted username from JWT: admin
2025-08-22 21:47:37 INFO  - UserDetails loaded: admin
2025-08-22 21:47:37 INFO  - UserDetails loaded: admin
2025-08-22 21:47:37 INFO  - JWT: eyJhbGciOiJIUzI1NiJ9.eyJyb2xlIjoiQURNSU4iLCJ1c2VySWQiOjExLCJ1c2VybmFtZSI6ImFkbWluIiwic3ViIjoiYWRtaW4iLCJpYXQiOjE3NTU4ODM5NjgsImV4cCI6MTc1NTg5NDc2OH0.WBdbueEHuCpKpHx9c_UohAE-Gfq5ABPieAwOS6jQifM
2025-08-22 21:47:37 INFO  - JWT: eyJhbGciOiJIUzI1NiJ9.eyJyb2xlIjoiQURNSU4iLCJ1c2VySWQiOjExLCJ1c2VybmFtZSI6ImFkbWluIiwic3ViIjoiYWRtaW4iLCJpYXQiOjE3NTU4ODM5NjgsImV4cCI6MTc1NTg5NDc2OH0.WBdbueEHuCpKpHx9c_UohAE-Gfq5ABPieAwOS6jQifM
2025-08-22 21:47:37 INFO  - Extracted username from JWT: admin
2025-08-22 21:47:37 INFO  - Extracted username from JWT: admin
2025-08-22 21:47:37 INFO  - UserDetails loaded: admin
2025-08-22 21:47:37 INFO  - UserDetails loaded: admin
2025-08-22 21:51:27 INFO  - JWT: eyJhbGciOiJIUzI1NiJ9.eyJyb2xlIjoiQURNSU4iLCJ1c2VySWQiOjExLCJ1c2VybmFtZSI6ImFkbWluIiwic3ViIjoiYWRtaW4iLCJpYXQiOjE3NTU4ODM5NjgsImV4cCI6MTc1NTg5NDc2OH0.WBdbueEHuCpKpHx9c_UohAE-Gfq5ABPieAwOS6jQifM
2025-08-22 21:51:27 INFO  - Extracted username from JWT: admin
2025-08-22 21:51:27 INFO  - UserDetails loaded: admin
2025-08-22 21:51:28 INFO  - JWT: eyJhbGciOiJIUzI1NiJ9.eyJyb2xlIjoiQURNSU4iLCJ1c2VySWQiOjExLCJ1c2VybmFtZSI6ImFkbWluIiwic3ViIjoiYWRtaW4iLCJpYXQiOjE3NTU4ODM5NjgsImV4cCI6MTc1NTg5NDc2OH0.WBdbueEHuCpKpHx9c_UohAE-Gfq5ABPieAwOS6jQifM
2025-08-22 21:51:28 INFO  - Extracted username from JWT: admin
2025-08-22 21:51:28 INFO  - UserDetails loaded: admin
2025-08-22 21:55:44 INFO  - JWT: eyJhbGciOiJIUzI1NiJ9.eyJyb2xlIjoiQURNSU4iLCJ1c2VySWQiOjExLCJ1c2VybmFtZSI6ImFkbWluIiwic3ViIjoiYWRtaW4iLCJpYXQiOjE3NTU4ODg5NDQsImV4cCI6MTc1NTg5OTc0NH0.0xqsh1g6_SL-9W78jlej-uTmeGeuWyZGsTbMW7nXwoA
2025-08-22 21:55:44 INFO  - Extracted username from JWT: admin
2025-08-22 21:55:44 INFO  - UserDetails loaded: admin
2025-08-22 21:55:44 INFO  - JWT: eyJhbGciOiJIUzI1NiJ9.eyJyb2xlIjoiQURNSU4iLCJ1c2VySWQiOjExLCJ1c2VybmFtZSI6ImFkbWluIiwic3ViIjoiYWRtaW4iLCJpYXQiOjE3NTU4ODg5NDQsImV4cCI6MTc1NTg5OTc0NH0.0xqsh1g6_SL-9W78jlej-uTmeGeuWyZGsTbMW7nXwoA
2025-08-22 21:55:44 INFO  - Extracted username from JWT: admin
2025-08-22 21:55:44 INFO  - UserDetails loaded: admin
2025-08-22 21:55:44 INFO  - JWT: eyJhbGciOiJIUzI1NiJ9.eyJyb2xlIjoiQURNSU4iLCJ1c2VySWQiOjExLCJ1c2VybmFtZSI6ImFkbWluIiwic3ViIjoiYWRtaW4iLCJpYXQiOjE3NTU4ODg5NDQsImV4cCI6MTc1NTg5OTc0NH0.0xqsh1g6_SL-9W78jlej-uTmeGeuWyZGsTbMW7nXwoA
2025-08-22 21:55:44 INFO  - Extracted username from JWT: admin
2025-08-22 21:55:44 INFO  - UserDetails loaded: admin
2025-08-22 21:55:54 INFO  - JWT: eyJhbGciOiJIUzI1NiJ9.eyJyb2xlIjoiQURNSU4iLCJ1c2VySWQiOjExLCJ1c2VybmFtZSI6ImFkbWluIiwic3ViIjoiYWRtaW4iLCJpYXQiOjE3NTU4ODg5NDQsImV4cCI6MTc1NTg5OTc0NH0.0xqsh1g6_SL-9W78jlej-uTmeGeuWyZGsTbMW7nXwoA
2025-08-22 21:55:54 INFO  - Extracted username from JWT: admin
2025-08-22 21:55:54 INFO  - UserDetails loaded: admin
2025-08-22 21:56:09 INFO  - JWT: eyJhbGciOiJIUzI1NiJ9.eyJyb2xlIjoiQURNSU4iLCJ1c2VySWQiOjExLCJ1c2VybmFtZSI6ImFkbWluIiwic3ViIjoiYWRtaW4iLCJpYXQiOjE3NTU4ODg5NDQsImV4cCI6MTc1NTg5OTc0NH0.0xqsh1g6_SL-9W78jlej-uTmeGeuWyZGsTbMW7nXwoA
2025-08-22 21:56:09 INFO  - Extracted username from JWT: admin
2025-08-22 21:56:09 INFO  - UserDetails loaded: admin
2025-08-22 21:56:16 INFO  - JWT: eyJhbGciOiJIUzI1NiJ9.eyJyb2xlIjoiQURNSU4iLCJ1c2VySWQiOjExLCJ1c2VybmFtZSI6ImFkbWluIiwic3ViIjoiYWRtaW4iLCJpYXQiOjE3NTU4ODg5NDQsImV4cCI6MTc1NTg5OTc0NH0.0xqsh1g6_SL-9W78jlej-uTmeGeuWyZGsTbMW7nXwoA
2025-08-22 21:56:16 INFO  - Extracted username from JWT: admin
2025-08-22 21:56:16 INFO  - UserDetails loaded: admin
2025-08-22 21:56:20 INFO  - JWT: eyJhbGciOiJIUzI1NiJ9.eyJyb2xlIjoiQURNSU4iLCJ1c2VySWQiOjExLCJ1c2VybmFtZSI6ImFkbWluIiwic3ViIjoiYWRtaW4iLCJpYXQiOjE3NTU4ODg5NDQsImV4cCI6MTc1NTg5OTc0NH0.0xqsh1g6_SL-9W78jlej-uTmeGeuWyZGsTbMW7nXwoA
2025-08-22 21:56:20 INFO  - Extracted username from JWT: admin
2025-08-22 21:56:20 INFO  - UserDetails loaded: admin
2025-08-22 21:56:30 INFO  - JWT: eyJhbGciOiJIUzI1NiJ9.eyJyb2xlIjoiQURNSU4iLCJ1c2VySWQiOjExLCJ1c2VybmFtZSI6ImFkbWluIiwic3ViIjoiYWRtaW4iLCJpYXQiOjE3NTU4ODg5NDQsImV4cCI6MTc1NTg5OTc0NH0.0xqsh1g6_SL-9W78jlej-uTmeGeuWyZGsTbMW7nXwoA
2025-08-22 21:56:30 INFO  - Extracted username from JWT: admin
2025-08-22 21:56:30 INFO  - UserDetails loaded: admin
2025-08-22 21:56:32 INFO  - JWT: eyJhbGciOiJIUzI1NiJ9.eyJyb2xlIjoiQURNSU4iLCJ1c2VySWQiOjExLCJ1c2VybmFtZSI6ImFkbWluIiwic3ViIjoiYWRtaW4iLCJpYXQiOjE3NTU4ODg5NDQsImV4cCI6MTc1NTg5OTc0NH0.0xqsh1g6_SL-9W78jlej-uTmeGeuWyZGsTbMW7nXwoA
2025-08-22 21:56:32 INFO  - Extracted username from JWT: admin
2025-08-22 21:56:32 INFO  - UserDetails loaded: admin
2025-08-22 21:56:38 INFO  - JWT: eyJhbGciOiJIUzI1NiJ9.eyJyb2xlIjoiQURNSU4iLCJ1c2VySWQiOjExLCJ1c2VybmFtZSI6ImFkbWluIiwic3ViIjoiYWRtaW4iLCJpYXQiOjE3NTU4ODg5NDQsImV4cCI6MTc1NTg5OTc0NH0.0xqsh1g6_SL-9W78jlej-uTmeGeuWyZGsTbMW7nXwoA
2025-08-22 21:56:38 INFO  - JWT: eyJhbGciOiJIUzI1NiJ9.eyJyb2xlIjoiQURNSU4iLCJ1c2VySWQiOjExLCJ1c2VybmFtZSI6ImFkbWluIiwic3ViIjoiYWRtaW4iLCJpYXQiOjE3NTU4ODg5NDQsImV4cCI6MTc1NTg5OTc0NH0.0xqsh1g6_SL-9W78jlej-uTmeGeuWyZGsTbMW7nXwoA
2025-08-22 21:56:38 INFO  - Extracted username from JWT: admin
2025-08-22 21:56:38 INFO  - Extracted username from JWT: admin
2025-08-22 21:56:38 INFO  - UserDetails loaded: admin
2025-08-22 21:56:38 INFO  - UserDetails loaded: admin
2025-08-22 21:56:38 INFO  - JWT: eyJhbGciOiJIUzI1NiJ9.eyJyb2xlIjoiQURNSU4iLCJ1c2VySWQiOjExLCJ1c2VybmFtZSI6ImFkbWluIiwic3ViIjoiYWRtaW4iLCJpYXQiOjE3NTU4ODg5NDQsImV4cCI6MTc1NTg5OTc0NH0.0xqsh1g6_SL-9W78jlej-uTmeGeuWyZGsTbMW7nXwoA
2025-08-22 21:56:38 INFO  - JWT: eyJhbGciOiJIUzI1NiJ9.eyJyb2xlIjoiQURNSU4iLCJ1c2VySWQiOjExLCJ1c2VybmFtZSI6ImFkbWluIiwic3ViIjoiYWRtaW4iLCJpYXQiOjE3NTU4ODg5NDQsImV4cCI6MTc1NTg5OTc0NH0.0xqsh1g6_SL-9W78jlej-uTmeGeuWyZGsTbMW7nXwoA
2025-08-22 21:56:38 INFO  - Extracted username from JWT: admin
2025-08-22 21:56:38 INFO  - Extracted username from JWT: admin
2025-08-22 21:56:38 INFO  - UserDetails loaded: admin
2025-08-22 21:56:38 INFO  - UserDetails loaded: admin
2025-08-22 22:53:28 INFO  - JWT: eyJhbGciOiJIUzI1NiJ9.eyJyb2xlIjoiQURNSU4iLCJ1c2VySWQiOjExLCJ1c2VybmFtZSI6ImFkbWluIiwic3ViIjoiYWRtaW4iLCJpYXQiOjE3NTU4ODg5NDQsImV4cCI6MTc1NTg5OTc0NH0.0xqsh1g6_SL-9W78jlej-uTmeGeuWyZGsTbMW7nXwoA
2025-08-22 22:53:28 INFO  - Extracted username from JWT: admin
2025-08-22 22:53:28 INFO  - UserDetails loaded: admin
2025-08-22 22:53:28 INFO  - JWT: eyJhbGciOiJIUzI1NiJ9.eyJyb2xlIjoiQURNSU4iLCJ1c2VySWQiOjExLCJ1c2VybmFtZSI6ImFkbWluIiwic3ViIjoiYWRtaW4iLCJpYXQiOjE3NTU4ODg5NDQsImV4cCI6MTc1NTg5OTc0NH0.0xqsh1g6_SL-9W78jlej-uTmeGeuWyZGsTbMW7nXwoA
2025-08-22 22:53:28 INFO  - Extracted username from JWT: admin
2025-08-22 22:53:28 INFO  - UserDetails loaded: admin
2025-08-22 22:53:28 INFO  - JWT: eyJhbGciOiJIUzI1NiJ9.eyJyb2xlIjoiQURNSU4iLCJ1c2VySWQiOjExLCJ1c2VybmFtZSI6ImFkbWluIiwic3ViIjoiYWRtaW4iLCJpYXQiOjE3NTU4ODg5NDQsImV4cCI6MTc1NTg5OTc0NH0.0xqsh1g6_SL-9W78jlej-uTmeGeuWyZGsTbMW7nXwoA
2025-08-22 22:53:28 INFO  - JWT: eyJhbGciOiJIUzI1NiJ9.eyJyb2xlIjoiQURNSU4iLCJ1c2VySWQiOjExLCJ1c2VybmFtZSI6ImFkbWluIiwic3ViIjoiYWRtaW4iLCJpYXQiOjE3NTU4ODg5NDQsImV4cCI6MTc1NTg5OTc0NH0.0xqsh1g6_SL-9W78jlej-uTmeGeuWyZGsTbMW7nXwoA
2025-08-22 22:53:28 INFO  - Extracted username from JWT: admin
2025-08-22 22:53:28 INFO  - Extracted username from JWT: admin
2025-08-22 22:53:28 INFO  - UserDetails loaded: admin
2025-08-22 22:53:28 INFO  - UserDetails loaded: admin
2025-08-22 22:53:28 INFO  - JWT: eyJhbGciOiJIUzI1NiJ9.eyJyb2xlIjoiQURNSU4iLCJ1c2VySWQiOjExLCJ1c2VybmFtZSI6ImFkbWluIiwic3ViIjoiYWRtaW4iLCJpYXQiOjE3NTU4ODg5NDQsImV4cCI6MTc1NTg5OTc0NH0.0xqsh1g6_SL-9W78jlej-uTmeGeuWyZGsTbMW7nXwoA
2025-08-22 22:53:28 INFO  - Extracted username from JWT: admin
2025-08-22 22:53:28 INFO  - UserDetails loaded: admin
2025-08-22 22:53:28 INFO  - JWT: eyJhbGciOiJIUzI1NiJ9.eyJyb2xlIjoiQURNSU4iLCJ1c2VySWQiOjExLCJ1c2VybmFtZSI6ImFkbWluIiwic3ViIjoiYWRtaW4iLCJpYXQiOjE3NTU4ODg5NDQsImV4cCI6MTc1NTg5OTc0NH0.0xqsh1g6_SL-9W78jlej-uTmeGeuWyZGsTbMW7nXwoA
2025-08-22 22:53:28 INFO  - Extracted username from JWT: admin
2025-08-22 22:53:28 INFO  - UserDetails loaded: admin
2025-08-22 23:01:27 INFO  - JWT: eyJhbGciOiJIUzI1NiJ9.eyJyb2xlIjoiQURNSU4iLCJ1c2VySWQiOjExLCJ1c2VybmFtZSI6ImFkbWluIiwic3ViIjoiYWRtaW4iLCJpYXQiOjE3NTU4ODg5NDQsImV4cCI6MTc1NTg5OTc0NH0.0xqsh1g6_SL-9W78jlej-uTmeGeuWyZGsTbMW7nXwoA
2025-08-22 23:01:27 INFO  - Extracted username from JWT: admin
2025-08-22 23:01:27 INFO  - UserDetails loaded: admin
2025-08-22 23:01:27 INFO  - JWT: eyJhbGciOiJIUzI1NiJ9.eyJyb2xlIjoiQURNSU4iLCJ1c2VySWQiOjExLCJ1c2VybmFtZSI6ImFkbWluIiwic3ViIjoiYWRtaW4iLCJpYXQiOjE3NTU4ODg5NDQsImV4cCI6MTc1NTg5OTc0NH0.0xqsh1g6_SL-9W78jlej-uTmeGeuWyZGsTbMW7nXwoA
2025-08-22 23:01:27 INFO  - Extracted username from JWT: admin
2025-08-22 23:01:27 INFO  - UserDetails loaded: admin
2025-08-22 23:01:27 INFO  - JWT: eyJhbGciOiJIUzI1NiJ9.eyJyb2xlIjoiQURNSU4iLCJ1c2VySWQiOjExLCJ1c2VybmFtZSI6ImFkbWluIiwic3ViIjoiYWRtaW4iLCJpYXQiOjE3NTU4ODg5NDQsImV4cCI6MTc1NTg5OTc0NH0.0xqsh1g6_SL-9W78jlej-uTmeGeuWyZGsTbMW7nXwoA
2025-08-22 23:01:27 INFO  - JWT: eyJhbGciOiJIUzI1NiJ9.eyJyb2xlIjoiQURNSU4iLCJ1c2VySWQiOjExLCJ1c2VybmFtZSI6ImFkbWluIiwic3ViIjoiYWRtaW4iLCJpYXQiOjE3NTU4ODg5NDQsImV4cCI6MTc1NTg5OTc0NH0.0xqsh1g6_SL-9W78jlej-uTmeGeuWyZGsTbMW7nXwoA
2025-08-22 23:01:27 INFO  - Extracted username from JWT: admin
2025-08-22 23:01:27 INFO  - Extracted username from JWT: admin
2025-08-22 23:01:28 INFO  - UserDetails loaded: admin
2025-08-22 23:01:28 INFO  - UserDetails loaded: admin
2025-08-22 23:01:28 INFO  - JWT: eyJhbGciOiJIUzI1NiJ9.eyJyb2xlIjoiQURNSU4iLCJ1c2VySWQiOjExLCJ1c2VybmFtZSI6ImFkbWluIiwic3ViIjoiYWRtaW4iLCJpYXQiOjE3NTU4ODg5NDQsImV4cCI6MTc1NTg5OTc0NH0.0xqsh1g6_SL-9W78jlej-uTmeGeuWyZGsTbMW7nXwoA
2025-08-22 23:01:28 INFO  - Extracted username from JWT: admin
2025-08-22 23:01:28 INFO  - UserDetails loaded: admin
2025-08-22 23:01:28 INFO  - JWT: eyJhbGciOiJIUzI1NiJ9.eyJyb2xlIjoiQURNSU4iLCJ1c2VySWQiOjExLCJ1c2VybmFtZSI6ImFkbWluIiwic3ViIjoiYWRtaW4iLCJpYXQiOjE3NTU4ODg5NDQsImV4cCI6MTc1NTg5OTc0NH0.0xqsh1g6_SL-9W78jlej-uTmeGeuWyZGsTbMW7nXwoA
2025-08-22 23:01:28 INFO  - Extracted username from JWT: admin
2025-08-22 23:01:28 INFO  - UserDetails loaded: admin
2025-08-22 23:01:46 INFO  - JWT: eyJhbGciOiJIUzI1NiJ9.eyJyb2xlIjoiQURNSU4iLCJ1c2VySWQiOjExLCJ1c2VybmFtZSI6ImFkbWluIiwic3ViIjoiYWRtaW4iLCJpYXQiOjE3NTU4ODg5NDQsImV4cCI6MTc1NTg5OTc0NH0.0xqsh1g6_SL-9W78jlej-uTmeGeuWyZGsTbMW7nXwoA
2025-08-22 23:01:46 INFO  - JWT: eyJhbGciOiJIUzI1NiJ9.eyJyb2xlIjoiQURNSU4iLCJ1c2VySWQiOjExLCJ1c2VybmFtZSI6ImFkbWluIiwic3ViIjoiYWRtaW4iLCJpYXQiOjE3NTU4ODg5NDQsImV4cCI6MTc1NTg5OTc0NH0.0xqsh1g6_SL-9W78jlej-uTmeGeuWyZGsTbMW7nXwoA
2025-08-22 23:01:46 INFO  - Extracted username from JWT: admin
2025-08-22 23:01:46 INFO  - Extracted username from JWT: admin
2025-08-22 23:01:47 INFO  - UserDetails loaded: admin
2025-08-22 23:01:47 INFO  - UserDetails loaded: admin
2025-08-22 23:01:47 INFO  - JWT: eyJhbGciOiJIUzI1NiJ9.eyJyb2xlIjoiQURNSU4iLCJ1c2VySWQiOjExLCJ1c2VybmFtZSI6ImFkbWluIiwic3ViIjoiYWRtaW4iLCJpYXQiOjE3NTU4ODg5NDQsImV4cCI6MTc1NTg5OTc0NH0.0xqsh1g6_SL-9W78jlej-uTmeGeuWyZGsTbMW7nXwoA
2025-08-22 23:01:47 INFO  - Extracted username from JWT: admin
2025-08-22 23:01:47 INFO  - UserDetails loaded: admin
2025-08-22 23:01:47 INFO  - JWT: eyJhbGciOiJIUzI1NiJ9.eyJyb2xlIjoiQURNSU4iLCJ1c2VySWQiOjExLCJ1c2VybmFtZSI6ImFkbWluIiwic3ViIjoiYWRtaW4iLCJpYXQiOjE3NTU4ODg5NDQsImV4cCI6MTc1NTg5OTc0NH0.0xqsh1g6_SL-9W78jlej-uTmeGeuWyZGsTbMW7nXwoA
2025-08-22 23:01:47 INFO  - Extracted username from JWT: admin
2025-08-22 23:01:47 INFO  - UserDetails loaded: admin
2025-08-22 23:01:59 INFO  - JWT: eyJhbGciOiJIUzI1NiJ9.eyJyb2xlIjoiQURNSU4iLCJ1c2VySWQiOjExLCJ1c2VybmFtZSI6ImFkbWluIiwic3ViIjoiYWRtaW4iLCJpYXQiOjE3NTU4ODg5NDQsImV4cCI6MTc1NTg5OTc0NH0.0xqsh1g6_SL-9W78jlej-uTmeGeuWyZGsTbMW7nXwoA
2025-08-22 23:01:59 INFO  - JWT: eyJhbGciOiJIUzI1NiJ9.eyJyb2xlIjoiQURNSU4iLCJ1c2VySWQiOjExLCJ1c2VybmFtZSI6ImFkbWluIiwic3ViIjoiYWRtaW4iLCJpYXQiOjE3NTU4ODg5NDQsImV4cCI6MTc1NTg5OTc0NH0.0xqsh1g6_SL-9W78jlej-uTmeGeuWyZGsTbMW7nXwoA
2025-08-22 23:01:59 INFO  - Extracted username from JWT: admin
2025-08-22 23:01:59 INFO  - Extracted username from JWT: admin
2025-08-22 23:01:59 INFO  - UserDetails loaded: admin
2025-08-22 23:01:59 INFO  - UserDetails loaded: admin
2025-08-22 23:01:59 INFO  - JWT: eyJhbGciOiJIUzI1NiJ9.eyJyb2xlIjoiQURNSU4iLCJ1c2VySWQiOjExLCJ1c2VybmFtZSI6ImFkbWluIiwic3ViIjoiYWRtaW4iLCJpYXQiOjE3NTU4ODg5NDQsImV4cCI6MTc1NTg5OTc0NH0.0xqsh1g6_SL-9W78jlej-uTmeGeuWyZGsTbMW7nXwoA
2025-08-22 23:01:59 INFO  - JWT: eyJhbGciOiJIUzI1NiJ9.eyJyb2xlIjoiQURNSU4iLCJ1c2VySWQiOjExLCJ1c2VybmFtZSI6ImFkbWluIiwic3ViIjoiYWRtaW4iLCJpYXQiOjE3NTU4ODg5NDQsImV4cCI6MTc1NTg5OTc0NH0.0xqsh1g6_SL-9W78jlej-uTmeGeuWyZGsTbMW7nXwoA
2025-08-22 23:01:59 INFO  - Extracted username from JWT: admin
2025-08-22 23:01:59 INFO  - Extracted username from JWT: admin
2025-08-22 23:01:59 INFO  - UserDetails loaded: admin
2025-08-22 23:01:59 INFO  - UserDetails loaded: admin
2025-08-22 23:04:42 INFO  - JWT: eyJhbGciOiJIUzI1NiJ9.eyJyb2xlIjoiQURNSU4iLCJ1c2VySWQiOjExLCJ1c2VybmFtZSI6ImFkbWluIiwic3ViIjoiYWRtaW4iLCJpYXQiOjE3NTU4ODg5NDQsImV4cCI6MTc1NTg5OTc0NH0.0xqsh1g6_SL-9W78jlej-uTmeGeuWyZGsTbMW7nXwoA
2025-08-22 23:04:42 INFO  - Extracted username from JWT: admin
2025-08-22 23:04:42 INFO  - UserDetails loaded: admin
2025-08-22 23:04:42 INFO  - JWT: eyJhbGciOiJIUzI1NiJ9.eyJyb2xlIjoiQURNSU4iLCJ1c2VySWQiOjExLCJ1c2VybmFtZSI6ImFkbWluIiwic3ViIjoiYWRtaW4iLCJpYXQiOjE3NTU4ODg5NDQsImV4cCI6MTc1NTg5OTc0NH0.0xqsh1g6_SL-9W78jlej-uTmeGeuWyZGsTbMW7nXwoA
2025-08-22 23:04:42 INFO  - Extracted username from JWT: admin
2025-08-22 23:04:42 INFO  - UserDetails loaded: admin
2025-08-22 23:04:42 INFO  - JWT: eyJhbGciOiJIUzI1NiJ9.eyJyb2xlIjoiQURNSU4iLCJ1c2VySWQiOjExLCJ1c2VybmFtZSI6ImFkbWluIiwic3ViIjoiYWRtaW4iLCJpYXQiOjE3NTU4ODg5NDQsImV4cCI6MTc1NTg5OTc0NH0.0xqsh1g6_SL-9W78jlej-uTmeGeuWyZGsTbMW7nXwoA
2025-08-22 23:04:42 INFO  - JWT: eyJhbGciOiJIUzI1NiJ9.eyJyb2xlIjoiQURNSU4iLCJ1c2VySWQiOjExLCJ1c2VybmFtZSI6ImFkbWluIiwic3ViIjoiYWRtaW4iLCJpYXQiOjE3NTU4ODg5NDQsImV4cCI6MTc1NTg5OTc0NH0.0xqsh1g6_SL-9W78jlej-uTmeGeuWyZGsTbMW7nXwoA
2025-08-22 23:04:42 INFO  - Extracted username from JWT: admin
2025-08-22 23:04:42 INFO  - UserDetails loaded: admin
2025-08-22 23:04:42 INFO  - Extracted username from JWT: admin
2025-08-22 23:04:42 INFO  - UserDetails loaded: admin
2025-08-22 23:04:42 INFO  - JWT: eyJhbGciOiJIUzI1NiJ9.eyJyb2xlIjoiQURNSU4iLCJ1c2VySWQiOjExLCJ1c2VybmFtZSI6ImFkbWluIiwic3ViIjoiYWRtaW4iLCJpYXQiOjE3NTU4ODg5NDQsImV4cCI6MTc1NTg5OTc0NH0.0xqsh1g6_SL-9W78jlej-uTmeGeuWyZGsTbMW7nXwoA
2025-08-22 23:04:42 INFO  - JWT: eyJhbGciOiJIUzI1NiJ9.eyJyb2xlIjoiQURNSU4iLCJ1c2VySWQiOjExLCJ1c2VybmFtZSI6ImFkbWluIiwic3ViIjoiYWRtaW4iLCJpYXQiOjE3NTU4ODg5NDQsImV4cCI6MTc1NTg5OTc0NH0.0xqsh1g6_SL-9W78jlej-uTmeGeuWyZGsTbMW7nXwoA
2025-08-22 23:04:42 INFO  - Extracted username from JWT: admin
2025-08-22 23:04:42 INFO  - UserDetails loaded: admin
2025-08-22 23:04:42 INFO  - Extracted username from JWT: admin
2025-08-22 23:04:42 INFO  - UserDetails loaded: admin
2025-08-22 23:44:29 INFO  - JWT: eyJhbGciOiJIUzI1NiJ9.eyJyb2xlIjoiQURNSU4iLCJ1c2VySWQiOjExLCJ1c2VybmFtZSI6ImFkbWluIiwic3ViIjoiYWRtaW4iLCJpYXQiOjE3NTU4ODg5NDQsImV4cCI6MTc1NTg5OTc0NH0.0xqsh1g6_SL-9W78jlej-uTmeGeuWyZGsTbMW7nXwoA
2025-08-22 23:44:29 INFO  - Extracted username from JWT: admin
2025-08-22 23:44:31 INFO  - UserDetails loaded: admin
2025-08-22 23:44:31 INFO  - JWT: eyJhbGciOiJIUzI1NiJ9.eyJyb2xlIjoiQURNSU4iLCJ1c2VySWQiOjExLCJ1c2VybmFtZSI6ImFkbWluIiwic3ViIjoiYWRtaW4iLCJpYXQiOjE3NTU4ODg5NDQsImV4cCI6MTc1NTg5OTc0NH0.0xqsh1g6_SL-9W78jlej-uTmeGeuWyZGsTbMW7nXwoA
2025-08-22 23:44:31 INFO  - Extracted username from JWT: admin
2025-08-22 23:44:31 INFO  - UserDetails loaded: admin
2025-08-22 23:44:42 INFO  - JWT: eyJhbGciOiJIUzI1NiJ9.eyJyb2xlIjoiQURNSU4iLCJ1c2VySWQiOjExLCJ1c2VybmFtZSI6ImFkbWluIiwic3ViIjoiYWRtaW4iLCJpYXQiOjE3NTU4OTU0ODIsImV4cCI6MTc1NTkwNjI4Mn0.RklDO85ZwarIQVp57mebqhF_9NWLfQQD14TN9GLyYPA
2025-08-22 23:44:42 INFO  - Extracted username from JWT: admin
2025-08-22 23:44:42 INFO  - UserDetails loaded: admin
2025-08-22 23:44:42 INFO  - JWT: eyJhbGciOiJIUzI1NiJ9.eyJyb2xlIjoiQURNSU4iLCJ1c2VySWQiOjExLCJ1c2VybmFtZSI6ImFkbWluIiwic3ViIjoiYWRtaW4iLCJpYXQiOjE3NTU4OTU0ODIsImV4cCI6MTc1NTkwNjI4Mn0.RklDO85ZwarIQVp57mebqhF_9NWLfQQD14TN9GLyYPA
2025-08-22 23:44:42 INFO  - Extracted username from JWT: admin
2025-08-22 23:44:42 INFO  - UserDetails loaded: admin
2025-08-22 23:44:44 INFO  - JWT: eyJhbGciOiJIUzI1NiJ9.eyJyb2xlIjoiQURNSU4iLCJ1c2VySWQiOjExLCJ1c2VybmFtZSI6ImFkbWluIiwic3ViIjoiYWRtaW4iLCJpYXQiOjE3NTU4OTU0ODIsImV4cCI6MTc1NTkwNjI4Mn0.RklDO85ZwarIQVp57mebqhF_9NWLfQQD14TN9GLyYPA
2025-08-22 23:44:44 INFO  - Extracted username from JWT: admin
2025-08-22 23:44:44 INFO  - UserDetails loaded: admin
2025-08-22 23:44:46 INFO  - JWT: eyJhbGciOiJIUzI1NiJ9.eyJyb2xlIjoiQURNSU4iLCJ1c2VySWQiOjExLCJ1c2VybmFtZSI6ImFkbWluIiwic3ViIjoiYWRtaW4iLCJpYXQiOjE3NTU4OTU0ODIsImV4cCI6MTc1NTkwNjI4Mn0.RklDO85ZwarIQVp57mebqhF_9NWLfQQD14TN9GLyYPA
2025-08-22 23:44:46 INFO  - Extracted username from JWT: admin
2025-08-22 23:44:46 INFO  - UserDetails loaded: admin
2025-08-22 23:44:46 INFO  - JWT: eyJhbGciOiJIUzI1NiJ9.eyJyb2xlIjoiQURNSU4iLCJ1c2VySWQiOjExLCJ1c2VybmFtZSI6ImFkbWluIiwic3ViIjoiYWRtaW4iLCJpYXQiOjE3NTU4OTU0ODIsImV4cCI6MTc1NTkwNjI4Mn0.RklDO85ZwarIQVp57mebqhF_9NWLfQQD14TN9GLyYPA
2025-08-22 23:44:46 INFO  - Extracted username from JWT: admin
2025-08-22 23:44:46 INFO  - UserDetails loaded: admin
2025-08-22 23:44:50 INFO  - JWT: eyJhbGciOiJIUzI1NiJ9.eyJyb2xlIjoiQURNSU4iLCJ1c2VySWQiOjExLCJ1c2VybmFtZSI6ImFkbWluIiwic3ViIjoiYWRtaW4iLCJpYXQiOjE3NTU4OTU0ODIsImV4cCI6MTc1NTkwNjI4Mn0.RklDO85ZwarIQVp57mebqhF_9NWLfQQD14TN9GLyYPA
2025-08-22 23:44:50 INFO  - Extracted username from JWT: admin
2025-08-22 23:44:50 INFO  - UserDetails loaded: admin
2025-08-22 23:44:54 INFO  - JWT: eyJhbGciOiJIUzI1NiJ9.eyJyb2xlIjoiQURNSU4iLCJ1c2VySWQiOjExLCJ1c2VybmFtZSI6ImFkbWluIiwic3ViIjoiYWRtaW4iLCJpYXQiOjE3NTU4OTU0ODIsImV4cCI6MTc1NTkwNjI4Mn0.RklDO85ZwarIQVp57mebqhF_9NWLfQQD14TN9GLyYPA
2025-08-22 23:44:54 INFO  - Extracted username from JWT: admin
2025-08-22 23:44:54 INFO  - UserDetails loaded: admin
2025-08-22 23:45:14 INFO  - JWT: eyJhbGciOiJIUzI1NiJ9.eyJyb2xlIjoiQURNSU4iLCJ1c2VySWQiOjExLCJ1c2VybmFtZSI6ImFkbWluIiwic3ViIjoiYWRtaW4iLCJpYXQiOjE3NTU4OTU0ODIsImV4cCI6MTc1NTkwNjI4Mn0.RklDO85ZwarIQVp57mebqhF_9NWLfQQD14TN9GLyYPA
2025-08-22 23:45:14 INFO  - Extracted username from JWT: admin
2025-08-22 23:45:14 INFO  - UserDetails loaded: admin
2025-08-22 23:45:32 INFO  - JWT: eyJhbGciOiJIUzI1NiJ9.eyJyb2xlIjoiQURNSU4iLCJ1c2VySWQiOjExLCJ1c2VybmFtZSI6ImFkbWluIiwic3ViIjoiYWRtaW4iLCJpYXQiOjE3NTU4OTU0ODIsImV4cCI6MTc1NTkwNjI4Mn0.RklDO85ZwarIQVp57mebqhF_9NWLfQQD14TN9GLyYPA
2025-08-22 23:45:32 INFO  - Extracted username from JWT: admin
2025-08-22 23:45:32 INFO  - UserDetails loaded: admin
2025-08-22 23:45:36 INFO  - JWT: eyJhbGciOiJIUzI1NiJ9.eyJyb2xlIjoiQURNSU4iLCJ1c2VySWQiOjExLCJ1c2VybmFtZSI6ImFkbWluIiwic3ViIjoiYWRtaW4iLCJpYXQiOjE3NTU4OTU0ODIsImV4cCI6MTc1NTkwNjI4Mn0.RklDO85ZwarIQVp57mebqhF_9NWLfQQD14TN9GLyYPA
2025-08-22 23:45:37 INFO  - Extracted username from JWT: admin
2025-08-22 23:45:37 INFO  - UserDetails loaded: admin
2025-08-22 23:45:38 INFO  - JWT: eyJhbGciOiJIUzI1NiJ9.eyJyb2xlIjoiQURNSU4iLCJ1c2VySWQiOjExLCJ1c2VybmFtZSI6ImFkbWluIiwic3ViIjoiYWRtaW4iLCJpYXQiOjE3NTU4OTU0ODIsImV4cCI6MTc1NTkwNjI4Mn0.RklDO85ZwarIQVp57mebqhF_9NWLfQQD14TN9GLyYPA
2025-08-22 23:45:38 INFO  - Extracted username from JWT: admin
2025-08-22 23:45:38 INFO  - UserDetails loaded: admin
2025-08-22 23:51:40 INFO  - JWT: eyJhbGciOiJIUzI1NiJ9.eyJyb2xlIjoiQURNSU4iLCJ1c2VySWQiOjExLCJ1c2VybmFtZSI6ImFkbWluIiwic3ViIjoiYWRtaW4iLCJpYXQiOjE3NTU4OTU0ODIsImV4cCI6MTc1NTkwNjI4Mn0.RklDO85ZwarIQVp57mebqhF_9NWLfQQD14TN9GLyYPA
2025-08-22 23:51:40 INFO  - Extracted username from JWT: admin
2025-08-22 23:51:40 INFO  - UserDetails loaded: admin
2025-08-22 23:51:43 INFO  - JWT: eyJhbGciOiJIUzI1NiJ9.eyJyb2xlIjoiQURNSU4iLCJ1c2VySWQiOjExLCJ1c2VybmFtZSI6ImFkbWluIiwic3ViIjoiYWRtaW4iLCJpYXQiOjE3NTU4OTU0ODIsImV4cCI6MTc1NTkwNjI4Mn0.RklDO85ZwarIQVp57mebqhF_9NWLfQQD14TN9GLyYPA
2025-08-22 23:51:43 INFO  - Extracted username from JWT: admin
2025-08-22 23:51:43 INFO  - UserDetails loaded: admin
2025-08-22 23:51:47 INFO  - JWT: eyJhbGciOiJIUzI1NiJ9.eyJyb2xlIjoiQURNSU4iLCJ1c2VySWQiOjExLCJ1c2VybmFtZSI6ImFkbWluIiwic3ViIjoiYWRtaW4iLCJpYXQiOjE3NTU4OTU0ODIsImV4cCI6MTc1NTkwNjI4Mn0.RklDO85ZwarIQVp57mebqhF_9NWLfQQD14TN9GLyYPA
2025-08-22 23:51:47 INFO  - Extracted username from JWT: admin
2025-08-22 23:51:47 INFO  - UserDetails loaded: admin
2025-08-22 23:51:47 INFO  - JWT: eyJhbGciOiJIUzI1NiJ9.eyJyb2xlIjoiQURNSU4iLCJ1c2VySWQiOjExLCJ1c2VybmFtZSI6ImFkbWluIiwic3ViIjoiYWRtaW4iLCJpYXQiOjE3NTU4OTU0ODIsImV4cCI6MTc1NTkwNjI4Mn0.RklDO85ZwarIQVp57mebqhF_9NWLfQQD14TN9GLyYPA
2025-08-22 23:51:47 INFO  - Extracted username from JWT: admin
2025-08-22 23:51:47 INFO  - UserDetails loaded: admin
2025-08-22 23:51:47 INFO  - JWT: eyJhbGciOiJIUzI1NiJ9.eyJyb2xlIjoiQURNSU4iLCJ1c2VySWQiOjExLCJ1c2VybmFtZSI6ImFkbWluIiwic3ViIjoiYWRtaW4iLCJpYXQiOjE3NTU4OTU0ODIsImV4cCI6MTc1NTkwNjI4Mn0.RklDO85ZwarIQVp57mebqhF_9NWLfQQD14TN9GLyYPA
2025-08-22 23:51:47 INFO  - Extracted username from JWT: admin
2025-08-22 23:51:47 INFO  - UserDetails loaded: admin
2025-08-22 23:51:47 INFO  - JWT: eyJhbGciOiJIUzI1NiJ9.eyJyb2xlIjoiQURNSU4iLCJ1c2VySWQiOjExLCJ1c2VybmFtZSI6ImFkbWluIiwic3ViIjoiYWRtaW4iLCJpYXQiOjE3NTU4OTU0ODIsImV4cCI6MTc1NTkwNjI4Mn0.RklDO85ZwarIQVp57mebqhF_9NWLfQQD14TN9GLyYPA
2025-08-22 23:51:47 INFO  - Extracted username from JWT: admin
2025-08-22 23:51:47 INFO  - UserDetails loaded: admin
2025-08-22 23:51:50 INFO  - JWT: eyJhbGciOiJIUzI1NiJ9.eyJyb2xlIjoiQURNSU4iLCJ1c2VySWQiOjExLCJ1c2VybmFtZSI6ImFkbWluIiwic3ViIjoiYWRtaW4iLCJpYXQiOjE3NTU4OTU0ODIsImV4cCI6MTc1NTkwNjI4Mn0.RklDO85ZwarIQVp57mebqhF_9NWLfQQD14TN9GLyYPA
2025-08-22 23:51:50 INFO  - Extracted username from JWT: admin
2025-08-22 23:51:50 INFO  - UserDetails loaded: admin
2025-08-22 23:52:56 INFO  - JWT: eyJhbGciOiJIUzI1NiJ9.eyJyb2xlIjoiQURNSU4iLCJ1c2VySWQiOjExLCJ1c2VybmFtZSI6ImFkbWluIiwic3ViIjoiYWRtaW4iLCJpYXQiOjE3NTU4OTU0ODIsImV4cCI6MTc1NTkwNjI4Mn0.RklDO85ZwarIQVp57mebqhF_9NWLfQQD14TN9GLyYPA
2025-08-22 23:52:56 INFO  - Extracted username from JWT: admin
2025-08-22 23:52:56 INFO  - UserDetails loaded: admin
2025-08-22 23:52:57 INFO  - JWT: eyJhbGciOiJIUzI1NiJ9.eyJyb2xlIjoiQURNSU4iLCJ1c2VySWQiOjExLCJ1c2VybmFtZSI6ImFkbWluIiwic3ViIjoiYWRtaW4iLCJpYXQiOjE3NTU4OTU0ODIsImV4cCI6MTc1NTkwNjI4Mn0.RklDO85ZwarIQVp57mebqhF_9NWLfQQD14TN9GLyYPA
2025-08-22 23:52:57 INFO  - Extracted username from JWT: admin
2025-08-22 23:52:57 INFO  - UserDetails loaded: admin
2025-08-22 23:52:57 INFO  - JWT: eyJhbGciOiJIUzI1NiJ9.eyJyb2xlIjoiQURNSU4iLCJ1c2VySWQiOjExLCJ1c2VybmFtZSI6ImFkbWluIiwic3ViIjoiYWRtaW4iLCJpYXQiOjE3NTU4OTU0ODIsImV4cCI6MTc1NTkwNjI4Mn0.RklDO85ZwarIQVp57mebqhF_9NWLfQQD14TN9GLyYPA
2025-08-22 23:52:57 INFO  - Extracted username from JWT: admin
2025-08-22 23:52:57 INFO  - UserDetails loaded: admin
2025-08-22 23:52:57 INFO  - JWT: eyJhbGciOiJIUzI1NiJ9.eyJyb2xlIjoiQURNSU4iLCJ1c2VySWQiOjExLCJ1c2VybmFtZSI6ImFkbWluIiwic3ViIjoiYWRtaW4iLCJpYXQiOjE3NTU4OTU0ODIsImV4cCI6MTc1NTkwNjI4Mn0.RklDO85ZwarIQVp57mebqhF_9NWLfQQD14TN9GLyYPA
2025-08-22 23:52:57 INFO  - Extracted username from JWT: admin
2025-08-22 23:52:57 INFO  - UserDetails loaded: admin
2025-08-22 23:53:01 INFO  - JWT: eyJhbGciOiJIUzI1NiJ9.eyJyb2xlIjoiQURNSU4iLCJ1c2VySWQiOjExLCJ1c2VybmFtZSI6ImFkbWluIiwic3ViIjoiYWRtaW4iLCJpYXQiOjE3NTU4OTU0ODIsImV4cCI6MTc1NTkwNjI4Mn0.RklDO85ZwarIQVp57mebqhF_9NWLfQQD14TN9GLyYPA
2025-08-22 23:53:01 INFO  - Extracted username from JWT: admin
2025-08-22 23:53:01 INFO  - UserDetails loaded: admin
2025-08-22 23:54:10 INFO  - JWT: eyJhbGciOiJIUzI1NiJ9.eyJyb2xlIjoiQURNSU4iLCJ1c2VySWQiOjExLCJ1c2VybmFtZSI6ImFkbWluIiwic3ViIjoiYWRtaW4iLCJpYXQiOjE3NTU4OTU0ODIsImV4cCI6MTc1NTkwNjI4Mn0.RklDO85ZwarIQVp57mebqhF_9NWLfQQD14TN9GLyYPA
2025-08-22 23:54:10 INFO  - Extracted username from JWT: admin
2025-08-22 23:54:10 INFO  - UserDetails loaded: admin
