2025-08-21 18:55:35 INFO  - HV000001: Hibernate Validator 8.0.2.Final
2025-08-21 18:55:36 INFO  - Starting SpotABirdApp using Java 17.0.13 with PID 3776 (C:\Users\eva_8\IdeaProjects\spot_a_bird_app\build\classes\java\main started by eva in C:\Users\eva_8\IdeaProjects\spot_a_bird_app)
2025-08-21 18:55:36 INFO  - No active profile set, falling back to 1 default profile: "default"
2025-08-21 18:55:43 INFO  - Bootstrapping Spring Data JPA repositories in DEFAULT mode.
2025-08-21 18:55:43 INFO  - Finished Spring Data repository scanning in 151 ms. Found 6 JPA repository interfaces.
2025-08-21 18:55:45 INFO  - Tomcat initialized with port 8080 (http)
2025-08-21 18:55:46 INFO  - Root WebApplicationContext: initialization completed in 9879 ms
2025-08-21 18:55:47 INFO  - HHH000412: Hibernate ORM core version 6.6.18.Final
2025-08-21 18:55:47 INFO  - HHH000026: Second-level cache disabled
2025-08-21 18:55:48 INFO  - No LoadTimeWeaver setup: ignoring JPA class transformer
2025-08-21 18:55:59 INFO  - HHH10001005: Database info:
	Database JDBC URL [Connecting through datasource 'HikariDataSource (HikariPool-1)']
	Database driver: undefined/unknown
	Database version: 8.0.41
	Autocommit mode: undefined/unknown
	Isolation level: undefined/unknown
	Minimum pool size: undefined/unknown
	Maximum pool size: undefined/unknown
2025-08-21 18:56:05 INFO  - HHH000489: No JTA platform available (set 'hibernate.transaction.jta.platform' to enable JTA platform integration)
2025-08-21 18:56:07 INFO  - Initialized JPA EntityManagerFactory for persistence unit 'default'
2025-08-21 18:56:13 INFO  - Hibernate is in classpath; If applicable, HQL parser will be used.
2025-08-21 18:56:16 INFO  - Global AuthenticationManager configured with UserDetailsService bean with name customUserDetailsService
2025-08-21 18:56:18 WARN  - spring.jpa.open-in-view is enabled by default. Therefore, database queries may be performed during view rendering. Explicitly configure spring.jpa.open-in-view to disable this warning
2025-08-21 18:56:21 INFO  - Tomcat started on port 8080 (http) with context path '/'
2025-08-21 18:56:21 INFO  - Started SpotABirdApp in 49.407 seconds (process running for 51.021)
2025-08-21 19:03:18 INFO  - Initializing Servlet 'dispatcherServlet'
2025-08-21 19:03:18 INFO  - Completed initialization in 0 ms
2025-08-21 19:03:25 INFO  - JWT: eyJhbGciOiJIUzI1NiJ9.eyJyb2xlIjoiQURNSU4iLCJ1c2VySWQiOjExLCJ1c2VybmFtZSI6ImFkbWluIiwic3ViIjoiYWRtaW4iLCJpYXQiOjE3NTU3OTIyMDMsImV4cCI6MTc1NTgwMzAwM30.3nxnfynJfajmePDpYWmR7qYHVze3wJP4Fb0cfiSGFfk
2025-08-21 19:03:25 INFO  - Extracted username from JWT: admin
2025-08-21 19:03:25 INFO  - UserDetails loaded: admin
2025-08-21 19:03:27 WARN  - Serializing PageImpl instances as-is is not supported, meaning that there is no guarantee about the stability of the resulting JSON structure!
	For a stable JSON structure, please use Spring Data's PagedModel (globally via @EnableSpringDataWebSupport(pageSerializationMode = VIA_DTO))
	or Spring HATEOAS and Spring Data's PagedResourcesAssembler as documented in https://docs.spring.io/spring-data/commons/reference/repositories/core-extensions.html#core.web.pageables.

2025-08-21 19:03:27 INFO  - JWT: eyJhbGciOiJIUzI1NiJ9.eyJyb2xlIjoiQURNSU4iLCJ1c2VySWQiOjExLCJ1c2VybmFtZSI6ImFkbWluIiwic3ViIjoiYWRtaW4iLCJpYXQiOjE3NTU3OTIyMDMsImV4cCI6MTc1NTgwMzAwM30.3nxnfynJfajmePDpYWmR7qYHVze3wJP4Fb0cfiSGFfk
2025-08-21 19:03:27 INFO  - Extracted username from JWT: admin
2025-08-21 19:03:27 INFO  - UserDetails loaded: admin
2025-08-21 20:09:16 INFO  - JWT: eyJhbGciOiJIUzI1NiJ9.eyJyb2xlIjoiQURNSU4iLCJ1c2VySWQiOjExLCJ1c2VybmFtZSI6ImFkbWluIiwic3ViIjoiYWRtaW4iLCJpYXQiOjE3NTU3OTIyMDMsImV4cCI6MTc1NTgwMzAwM30.3nxnfynJfajmePDpYWmR7qYHVze3wJP4Fb0cfiSGFfk
2025-08-21 20:09:16 INFO  - Extracted username from JWT: admin
2025-08-21 20:09:16 INFO  - UserDetails loaded: admin
2025-08-21 20:09:18 INFO  - JWT: eyJhbGciOiJIUzI1NiJ9.eyJyb2xlIjoiQURNSU4iLCJ1c2VySWQiOjExLCJ1c2VybmFtZSI6ImFkbWluIiwic3ViIjoiYWRtaW4iLCJpYXQiOjE3NTU3OTIyMDMsImV4cCI6MTc1NTgwMzAwM30.3nxnfynJfajmePDpYWmR7qYHVze3wJP4Fb0cfiSGFfk
2025-08-21 20:09:18 INFO  - Extracted username from JWT: admin
2025-08-21 20:09:18 INFO  - UserDetails loaded: admin
2025-08-21 20:16:36 INFO  - JWT: eyJhbGciOiJIUzI1NiJ9.eyJyb2xlIjoiQURNSU4iLCJ1c2VySWQiOjExLCJ1c2VybmFtZSI6ImFkbWluIiwic3ViIjoiYWRtaW4iLCJpYXQiOjE3NTU3OTIyMDMsImV4cCI6MTc1NTgwMzAwM30.3nxnfynJfajmePDpYWmR7qYHVze3wJP4Fb0cfiSGFfk
2025-08-21 20:16:36 INFO  - Extracted username from JWT: admin
2025-08-21 20:16:36 INFO  - UserDetails loaded: admin
2025-08-21 20:16:36 INFO  - JWT: eyJhbGciOiJIUzI1NiJ9.eyJyb2xlIjoiQURNSU4iLCJ1c2VySWQiOjExLCJ1c2VybmFtZSI6ImFkbWluIiwic3ViIjoiYWRtaW4iLCJpYXQiOjE3NTU3OTIyMDMsImV4cCI6MTc1NTgwMzAwM30.3nxnfynJfajmePDpYWmR7qYHVze3wJP4Fb0cfiSGFfk
2025-08-21 20:16:36 INFO  - Extracted username from JWT: admin
2025-08-21 20:16:36 INFO  - UserDetails loaded: admin
2025-08-21 20:17:24 INFO  - JWT: eyJhbGciOiJIUzI1NiJ9.eyJyb2xlIjoiQURNSU4iLCJ1c2VySWQiOjExLCJ1c2VybmFtZSI6ImFkbWluIiwic3ViIjoiYWRtaW4iLCJpYXQiOjE3NTU3OTIyMDMsImV4cCI6MTc1NTgwMzAwM30.3nxnfynJfajmePDpYWmR7qYHVze3wJP4Fb0cfiSGFfk
2025-08-21 20:17:24 INFO  - Extracted username from JWT: admin
2025-08-21 20:17:24 INFO  - UserDetails loaded: admin
2025-08-21 20:17:24 INFO  - JWT: eyJhbGciOiJIUzI1NiJ9.eyJyb2xlIjoiQURNSU4iLCJ1c2VySWQiOjExLCJ1c2VybmFtZSI6ImFkbWluIiwic3ViIjoiYWRtaW4iLCJpYXQiOjE3NTU3OTIyMDMsImV4cCI6MTc1NTgwMzAwM30.3nxnfynJfajmePDpYWmR7qYHVze3wJP4Fb0cfiSGFfk
2025-08-21 20:17:24 INFO  - Extracted username from JWT: admin
2025-08-21 20:17:24 INFO  - UserDetails loaded: admin
2025-08-21 20:21:42 INFO  - JWT: eyJhbGciOiJIUzI1NiJ9.eyJyb2xlIjoiQURNSU4iLCJ1c2VySWQiOjExLCJ1c2VybmFtZSI6ImFkbWluIiwic3ViIjoiYWRtaW4iLCJpYXQiOjE3NTU3OTIyMDMsImV4cCI6MTc1NTgwMzAwM30.3nxnfynJfajmePDpYWmR7qYHVze3wJP4Fb0cfiSGFfk
2025-08-21 20:21:42 INFO  - Extracted username from JWT: admin
2025-08-21 20:21:43 INFO  - UserDetails loaded: admin
2025-08-21 20:21:46 INFO  - JWT: eyJhbGciOiJIUzI1NiJ9.eyJyb2xlIjoiQURNSU4iLCJ1c2VySWQiOjExLCJ1c2VybmFtZSI6ImFkbWluIiwic3ViIjoiYWRtaW4iLCJpYXQiOjE3NTU3OTIyMDMsImV4cCI6MTc1NTgwMzAwM30.3nxnfynJfajmePDpYWmR7qYHVze3wJP4Fb0cfiSGFfk
2025-08-21 20:21:46 INFO  - Extracted username from JWT: admin
2025-08-21 20:21:46 INFO  - UserDetails loaded: admin
2025-08-21 20:21:53 INFO  - JWT: eyJhbGciOiJIUzI1NiJ9.eyJyb2xlIjoiQURNSU4iLCJ1c2VySWQiOjExLCJ1c2VybmFtZSI6ImFkbWluIiwic3ViIjoiYWRtaW4iLCJpYXQiOjE3NTU3OTIyMDMsImV4cCI6MTc1NTgwMzAwM30.3nxnfynJfajmePDpYWmR7qYHVze3wJP4Fb0cfiSGFfk
2025-08-21 20:21:53 INFO  - Extracted username from JWT: admin
2025-08-21 20:21:53 INFO  - UserDetails loaded: admin
2025-08-21 20:21:53 INFO  - JWT: eyJhbGciOiJIUzI1NiJ9.eyJyb2xlIjoiQURNSU4iLCJ1c2VySWQiOjExLCJ1c2VybmFtZSI6ImFkbWluIiwic3ViIjoiYWRtaW4iLCJpYXQiOjE3NTU3OTIyMDMsImV4cCI6MTc1NTgwMzAwM30.3nxnfynJfajmePDpYWmR7qYHVze3wJP4Fb0cfiSGFfk
2025-08-21 20:21:53 INFO  - Extracted username from JWT: admin
2025-08-21 20:21:53 INFO  - UserDetails loaded: admin
2025-08-21 20:21:57 INFO  - JWT: eyJhbGciOiJIUzI1NiJ9.eyJyb2xlIjoiQURNSU4iLCJ1c2VySWQiOjExLCJ1c2VybmFtZSI6ImFkbWluIiwic3ViIjoiYWRtaW4iLCJpYXQiOjE3NTU3OTIyMDMsImV4cCI6MTc1NTgwMzAwM30.3nxnfynJfajmePDpYWmR7qYHVze3wJP4Fb0cfiSGFfk
2025-08-21 20:21:57 INFO  - Extracted username from JWT: admin
2025-08-21 20:21:57 INFO  - UserDetails loaded: admin
2025-08-21 20:21:57 INFO  - JWT: eyJhbGciOiJIUzI1NiJ9.eyJyb2xlIjoiQURNSU4iLCJ1c2VySWQiOjExLCJ1c2VybmFtZSI6ImFkbWluIiwic3ViIjoiYWRtaW4iLCJpYXQiOjE3NTU3OTIyMDMsImV4cCI6MTc1NTgwMzAwM30.3nxnfynJfajmePDpYWmR7qYHVze3wJP4Fb0cfiSGFfk
2025-08-21 20:21:57 INFO  - Extracted username from JWT: admin
2025-08-21 20:21:57 INFO  - UserDetails loaded: admin
2025-08-21 20:22:03 INFO  - JWT: eyJhbGciOiJIUzI1NiJ9.eyJyb2xlIjoiQURNSU4iLCJ1c2VySWQiOjExLCJ1c2VybmFtZSI6ImFkbWluIiwic3ViIjoiYWRtaW4iLCJpYXQiOjE3NTU3OTIyMDMsImV4cCI6MTc1NTgwMzAwM30.3nxnfynJfajmePDpYWmR7qYHVze3wJP4Fb0cfiSGFfk
2025-08-21 20:22:03 INFO  - Extracted username from JWT: admin
2025-08-21 20:22:03 INFO  - UserDetails loaded: admin
2025-08-21 20:22:03 INFO  - JWT: eyJhbGciOiJIUzI1NiJ9.eyJyb2xlIjoiQURNSU4iLCJ1c2VySWQiOjExLCJ1c2VybmFtZSI6ImFkbWluIiwic3ViIjoiYWRtaW4iLCJpYXQiOjE3NTU3OTIyMDMsImV4cCI6MTc1NTgwMzAwM30.3nxnfynJfajmePDpYWmR7qYHVze3wJP4Fb0cfiSGFfk
2025-08-21 20:22:03 INFO  - Extracted username from JWT: admin
2025-08-21 20:22:03 INFO  - UserDetails loaded: admin
2025-08-21 20:22:08 INFO  - JWT: eyJhbGciOiJIUzI1NiJ9.eyJyb2xlIjoiQURNSU4iLCJ1c2VySWQiOjExLCJ1c2VybmFtZSI6ImFkbWluIiwic3ViIjoiYWRtaW4iLCJpYXQiOjE3NTU3OTIyMDMsImV4cCI6MTc1NTgwMzAwM30.3nxnfynJfajmePDpYWmR7qYHVze3wJP4Fb0cfiSGFfk
2025-08-21 20:22:08 INFO  - Extracted username from JWT: admin
2025-08-21 20:22:08 INFO  - UserDetails loaded: admin
2025-08-21 20:22:08 INFO  - JWT: eyJhbGciOiJIUzI1NiJ9.eyJyb2xlIjoiQURNSU4iLCJ1c2VySWQiOjExLCJ1c2VybmFtZSI6ImFkbWluIiwic3ViIjoiYWRtaW4iLCJpYXQiOjE3NTU3OTIyMDMsImV4cCI6MTc1NTgwMzAwM30.3nxnfynJfajmePDpYWmR7qYHVze3wJP4Fb0cfiSGFfk
2025-08-21 20:22:08 INFO  - Extracted username from JWT: admin
2025-08-21 20:22:08 INFO  - UserDetails loaded: admin
2025-08-21 20:22:18 INFO  - JWT: eyJhbGciOiJIUzI1NiJ9.eyJyb2xlIjoiQURNSU4iLCJ1c2VySWQiOjExLCJ1c2VybmFtZSI6ImFkbWluIiwic3ViIjoiYWRtaW4iLCJpYXQiOjE3NTU3OTY5MzgsImV4cCI6MTc1NTgwNzczOH0.jM5Va0Yl5Q6NsCMsn82JPMTcx9ejLbekAA3-V2m-6W0
2025-08-21 20:22:18 INFO  - Extracted username from JWT: admin
2025-08-21 20:22:18 INFO  - UserDetails loaded: admin
2025-08-21 20:22:18 INFO  - JWT: eyJhbGciOiJIUzI1NiJ9.eyJyb2xlIjoiQURNSU4iLCJ1c2VySWQiOjExLCJ1c2VybmFtZSI6ImFkbWluIiwic3ViIjoiYWRtaW4iLCJpYXQiOjE3NTU3OTY5MzgsImV4cCI6MTc1NTgwNzczOH0.jM5Va0Yl5Q6NsCMsn82JPMTcx9ejLbekAA3-V2m-6W0
2025-08-21 20:22:18 INFO  - Extracted username from JWT: admin
2025-08-21 20:22:18 INFO  - UserDetails loaded: admin
2025-08-21 20:46:18 INFO  - JWT: eyJhbGciOiJIUzI1NiJ9.eyJyb2xlIjoiQURNSU4iLCJ1c2VySWQiOjExLCJ1c2VybmFtZSI6ImFkbWluIiwic3ViIjoiYWRtaW4iLCJpYXQiOjE3NTU3OTY5MzgsImV4cCI6MTc1NTgwNzczOH0.jM5Va0Yl5Q6NsCMsn82JPMTcx9ejLbekAA3-V2m-6W0
2025-08-21 20:46:18 INFO  - Extracted username from JWT: admin
2025-08-21 20:46:18 INFO  - UserDetails loaded: admin
2025-08-21 20:46:18 INFO  - JWT: eyJhbGciOiJIUzI1NiJ9.eyJyb2xlIjoiQURNSU4iLCJ1c2VySWQiOjExLCJ1c2VybmFtZSI6ImFkbWluIiwic3ViIjoiYWRtaW4iLCJpYXQiOjE3NTU3OTY5MzgsImV4cCI6MTc1NTgwNzczOH0.jM5Va0Yl5Q6NsCMsn82JPMTcx9ejLbekAA3-V2m-6W0
2025-08-21 20:46:18 INFO  - Extracted username from JWT: admin
2025-08-21 20:46:18 INFO  - UserDetails loaded: admin
2025-08-21 20:47:00 INFO  - JWT: eyJhbGciOiJIUzI1NiJ9.eyJyb2xlIjoiQURNSU4iLCJ1c2VySWQiOjExLCJ1c2VybmFtZSI6ImFkbWluIiwic3ViIjoiYWRtaW4iLCJpYXQiOjE3NTU3OTY5MzgsImV4cCI6MTc1NTgwNzczOH0.jM5Va0Yl5Q6NsCMsn82JPMTcx9ejLbekAA3-V2m-6W0
2025-08-21 20:47:00 INFO  - Extracted username from JWT: admin
2025-08-21 20:47:00 INFO  - UserDetails loaded: admin
2025-08-21 20:47:01 INFO  - JWT: eyJhbGciOiJIUzI1NiJ9.eyJyb2xlIjoiQURNSU4iLCJ1c2VySWQiOjExLCJ1c2VybmFtZSI6ImFkbWluIiwic3ViIjoiYWRtaW4iLCJpYXQiOjE3NTU3OTY5MzgsImV4cCI6MTc1NTgwNzczOH0.jM5Va0Yl5Q6NsCMsn82JPMTcx9ejLbekAA3-V2m-6W0
2025-08-21 20:47:01 INFO  - Extracted username from JWT: admin
2025-08-21 20:47:01 INFO  - UserDetails loaded: admin
2025-08-21 20:50:14 INFO  - JWT: eyJhbGciOiJIUzI1NiJ9.eyJyb2xlIjoiQURNSU4iLCJ1c2VySWQiOjExLCJ1c2VybmFtZSI6ImFkbWluIiwic3ViIjoiYWRtaW4iLCJpYXQiOjE3NTU3OTY5MzgsImV4cCI6MTc1NTgwNzczOH0.jM5Va0Yl5Q6NsCMsn82JPMTcx9ejLbekAA3-V2m-6W0
2025-08-21 20:50:14 INFO  - Extracted username from JWT: admin
2025-08-21 20:50:14 INFO  - UserDetails loaded: admin
2025-08-21 20:50:14 INFO  - JWT: eyJhbGciOiJIUzI1NiJ9.eyJyb2xlIjoiQURNSU4iLCJ1c2VySWQiOjExLCJ1c2VybmFtZSI6ImFkbWluIiwic3ViIjoiYWRtaW4iLCJpYXQiOjE3NTU3OTY5MzgsImV4cCI6MTc1NTgwNzczOH0.jM5Va0Yl5Q6NsCMsn82JPMTcx9ejLbekAA3-V2m-6W0
2025-08-21 20:50:14 INFO  - Extracted username from JWT: admin
2025-08-21 20:50:14 INFO  - UserDetails loaded: admin
2025-08-21 20:50:23 INFO  - JWT: eyJhbGciOiJIUzI1NiJ9.eyJyb2xlIjoiQURNSU4iLCJ1c2VySWQiOjExLCJ1c2VybmFtZSI6ImFkbWluIiwic3ViIjoiYWRtaW4iLCJpYXQiOjE3NTU3OTg2MjMsImV4cCI6MTc1NTgwOTQyM30.GpDeWCGGZzvgPLAL5DxqPQ3dB7UEd1f7NC5xSmxWcJM
2025-08-21 20:50:23 INFO  - Extracted username from JWT: admin
2025-08-21 20:50:23 INFO  - UserDetails loaded: admin
2025-08-21 20:50:23 INFO  - JWT: eyJhbGciOiJIUzI1NiJ9.eyJyb2xlIjoiQURNSU4iLCJ1c2VySWQiOjExLCJ1c2VybmFtZSI6ImFkbWluIiwic3ViIjoiYWRtaW4iLCJpYXQiOjE3NTU3OTg2MjMsImV4cCI6MTc1NTgwOTQyM30.GpDeWCGGZzvgPLAL5DxqPQ3dB7UEd1f7NC5xSmxWcJM
2025-08-21 20:50:23 INFO  - Extracted username from JWT: admin
2025-08-21 20:50:23 INFO  - UserDetails loaded: admin
2025-08-21 20:58:20 ERROR - Server error occurred
org.springframework.security.authentication.BadCredentialsException: Bad credentials
	at org.springframework.security.authentication.dao.DaoAuthenticationProvider.additionalAuthenticationChecks(DaoAuthenticationProvider.java:93)
	at org.springframework.security.authentication.dao.AbstractUserDetailsAuthenticationProvider.authenticate(AbstractUserDetailsAuthenticationProvider.java:147)
	at org.springframework.security.authentication.ProviderManager.authenticate(ProviderManager.java:182)
	at gr.aueb.cf.spot_a_bird_app.authentication.AuthenticationService.authenticate(AuthenticationService.java:30)
	at gr.aueb.cf.spot_a_bird_app.rest.AuthRestController.login(AuthRestController.java:24)
	at java.base/jdk.internal.reflect.NativeMethodAccessorImpl.invoke0(Native Method)
	at java.base/jdk.internal.reflect.NativeMethodAccessorImpl.invoke(NativeMethodAccessorImpl.java:77)
	at java.base/jdk.internal.reflect.DelegatingMethodAccessorImpl.invoke(DelegatingMethodAccessorImpl.java:43)
	at java.base/java.lang.reflect.Method.invoke(Method.java:569)
	at org.springframework.web.method.support.InvocableHandlerMethod.doInvoke(InvocableHandlerMethod.java:258)
	at org.springframework.web.method.support.InvocableHandlerMethod.invokeForRequest(InvocableHandlerMethod.java:191)
	at org.springframework.web.servlet.mvc.method.annotation.ServletInvocableHandlerMethod.invokeAndHandle(ServletInvocableHandlerMethod.java:118)
	at org.springframework.web.servlet.mvc.method.annotation.RequestMappingHandlerAdapter.invokeHandlerMethod(RequestMappingHandlerAdapter.java:986)
	at org.springframework.web.servlet.mvc.method.annotation.RequestMappingHandlerAdapter.handleInternal(RequestMappingHandlerAdapter.java:891)
	at org.springframework.web.servlet.mvc.method.AbstractHandlerMethodAdapter.handle(AbstractHandlerMethodAdapter.java:87)
	at org.springframework.web.servlet.DispatcherServlet.doDispatch(DispatcherServlet.java:1089)
	at org.springframework.web.servlet.DispatcherServlet.doService(DispatcherServlet.java:979)
	at org.springframework.web.servlet.FrameworkServlet.processRequest(FrameworkServlet.java:1014)
	at org.springframework.web.servlet.FrameworkServlet.doPost(FrameworkServlet.java:914)
	at jakarta.servlet.http.HttpServlet.service(HttpServlet.java:590)
	at org.springframework.web.servlet.FrameworkServlet.service(FrameworkServlet.java:885)
	at jakarta.servlet.http.HttpServlet.service(HttpServlet.java:658)
	at org.apache.catalina.core.ApplicationFilterChain.internalDoFilter(ApplicationFilterChain.java:195)
	at org.apache.catalina.core.ApplicationFilterChain.doFilter(ApplicationFilterChain.java:140)
	at org.apache.tomcat.websocket.server.WsFilter.doFilter(WsFilter.java:51)
	at org.apache.catalina.core.ApplicationFilterChain.internalDoFilter(ApplicationFilterChain.java:164)
	at org.apache.catalina.core.ApplicationFilterChain.doFilter(ApplicationFilterChain.java:140)
	at org.springframework.web.filter.OncePerRequestFilter.doFilter(OncePerRequestFilter.java:110)
	at org.apache.catalina.core.ApplicationFilterChain.internalDoFilter(ApplicationFilterChain.java:164)
	at org.apache.catalina.core.ApplicationFilterChain.doFilter(ApplicationFilterChain.java:140)
	at org.springframework.web.filter.CompositeFilter$VirtualFilterChain.doFilter(CompositeFilter.java:108)
	at org.springframework.security.web.FilterChainProxy.lambda$doFilterInternal$3(FilterChainProxy.java:231)
	at org.springframework.security.web.FilterChainProxy$VirtualFilterChain.doFilter(FilterChainProxy.java:365)
	at org.springframework.security.web.access.intercept.AuthorizationFilter.doFilter(AuthorizationFilter.java:101)
	at org.springframework.security.web.FilterChainProxy$VirtualFilterChain.doFilter(FilterChainProxy.java:374)
	at org.springframework.security.web.access.ExceptionTranslationFilter.doFilter(ExceptionTranslationFilter.java:126)
	at org.springframework.security.web.access.ExceptionTranslationFilter.doFilter(ExceptionTranslationFilter.java:120)
	at org.springframework.security.web.FilterChainProxy$VirtualFilterChain.doFilter(FilterChainProxy.java:374)
	at org.springframework.security.web.session.SessionManagementFilter.doFilter(SessionManagementFilter.java:131)
	at org.springframework.security.web.session.SessionManagementFilter.doFilter(SessionManagementFilter.java:85)
	at org.springframework.security.web.FilterChainProxy$VirtualFilterChain.doFilter(FilterChainProxy.java:374)
	at org.springframework.security.web.authentication.AnonymousAuthenticationFilter.doFilter(AnonymousAuthenticationFilter.java:100)
	at org.springframework.security.web.FilterChainProxy$VirtualFilterChain.doFilter(FilterChainProxy.java:374)
	at org.springframework.security.web.servletapi.SecurityContextHolderAwareRequestFilter.doFilter(SecurityContextHolderAwareRequestFilter.java:179)
	at org.springframework.security.web.FilterChainProxy$VirtualFilterChain.doFilter(FilterChainProxy.java:374)
	at org.springframework.security.web.savedrequest.RequestCacheAwareFilter.doFilter(RequestCacheAwareFilter.java:63)
	at org.springframework.security.web.FilterChainProxy$VirtualFilterChain.doFilter(FilterChainProxy.java:374)
	at gr.aueb.cf.spot_a_bird_app.authentication.JwtAuthenticationFilter.doFilterInternal(JwtAuthenticationFilter.java:38)
	at org.springframework.web.filter.OncePerRequestFilter.doFilter(OncePerRequestFilter.java:116)
	at org.springframework.security.web.FilterChainProxy$VirtualFilterChain.doFilter(FilterChainProxy.java:374)
	at org.springframework.security.web.authentication.logout.LogoutFilter.doFilter(LogoutFilter.java:107)
	at org.springframework.security.web.authentication.logout.LogoutFilter.doFilter(LogoutFilter.java:93)
	at org.springframework.security.web.FilterChainProxy$VirtualFilterChain.doFilter(FilterChainProxy.java:374)
	at org.springframework.web.filter.CorsFilter.doFilterInternal(CorsFilter.java:91)
	at org.springframework.web.filter.OncePerRequestFilter.doFilter(OncePerRequestFilter.java:116)
	at org.springframework.security.web.FilterChainProxy$VirtualFilterChain.doFilter(FilterChainProxy.java:374)
	at org.springframework.security.web.header.HeaderWriterFilter.doHeadersAfter(HeaderWriterFilter.java:90)
	at org.springframework.security.web.header.HeaderWriterFilter.doFilterInternal(HeaderWriterFilter.java:75)
	at org.springframework.web.filter.OncePerRequestFilter.doFilter(OncePerRequestFilter.java:116)
	at org.springframework.security.web.FilterChainProxy$VirtualFilterChain.doFilter(FilterChainProxy.java:374)
	at org.springframework.security.web.context.SecurityContextHolderFilter.doFilter(SecurityContextHolderFilter.java:82)
	at org.springframework.security.web.context.SecurityContextHolderFilter.doFilter(SecurityContextHolderFilter.java:69)
	at org.springframework.security.web.FilterChainProxy$VirtualFilterChain.doFilter(FilterChainProxy.java:374)
	at org.springframework.security.web.context.request.async.WebAsyncManagerIntegrationFilter.doFilterInternal(WebAsyncManagerIntegrationFilter.java:62)
	at org.springframework.web.filter.OncePerRequestFilter.doFilter(OncePerRequestFilter.java:116)
	at org.springframework.security.web.FilterChainProxy$VirtualFilterChain.doFilter(FilterChainProxy.java:374)
	at org.springframework.security.web.session.DisableEncodeUrlFilter.doFilterInternal(DisableEncodeUrlFilter.java:42)
	at org.springframework.web.filter.OncePerRequestFilter.doFilter(OncePerRequestFilter.java:116)
	at org.springframework.security.web.FilterChainProxy$VirtualFilterChain.doFilter(FilterChainProxy.java:374)
	at org.springframework.security.web.FilterChainProxy.doFilterInternal(FilterChainProxy.java:233)
	at org.springframework.security.web.FilterChainProxy.doFilter(FilterChainProxy.java:191)
	at org.springframework.web.filter.CompositeFilter$VirtualFilterChain.doFilter(CompositeFilter.java:113)
	at org.springframework.web.servlet.handler.HandlerMappingIntrospector.lambda$createCacheFilter$4(HandlerMappingIntrospector.java:267)
	at org.springframework.web.filter.CompositeFilter$VirtualFilterChain.doFilter(CompositeFilter.java:113)
	at org.springframework.web.filter.CompositeFilter.doFilter(CompositeFilter.java:74)
	at org.springframework.security.config.annotation.web.configuration.WebMvcSecurityConfiguration$CompositeFilterChainProxy.doFilter(WebMvcSecurityConfiguration.java:238)
	at org.springframework.web.filter.DelegatingFilterProxy.invokeDelegate(DelegatingFilterProxy.java:362)
	at org.springframework.web.filter.DelegatingFilterProxy.doFilter(DelegatingFilterProxy.java:278)
	at org.apache.catalina.core.ApplicationFilterChain.internalDoFilter(ApplicationFilterChain.java:164)
	at org.apache.catalina.core.ApplicationFilterChain.doFilter(ApplicationFilterChain.java:140)
	at org.springframework.web.filter.RequestContextFilter.doFilterInternal(RequestContextFilter.java:100)
	at org.springframework.web.filter.OncePerRequestFilter.doFilter(OncePerRequestFilter.java:116)
	at org.apache.catalina.core.ApplicationFilterChain.internalDoFilter(ApplicationFilterChain.java:164)
	at org.apache.catalina.core.ApplicationFilterChain.doFilter(ApplicationFilterChain.java:140)
	at org.springframework.web.filter.FormContentFilter.doFilterInternal(FormContentFilter.java:93)
	at org.springframework.web.filter.OncePerRequestFilter.doFilter(OncePerRequestFilter.java:116)
	at org.apache.catalina.core.ApplicationFilterChain.internalDoFilter(ApplicationFilterChain.java:164)
	at org.apache.catalina.core.ApplicationFilterChain.doFilter(ApplicationFilterChain.java:140)
	at org.springframework.web.filter.CharacterEncodingFilter.doFilterInternal(CharacterEncodingFilter.java:201)
	at org.springframework.web.filter.OncePerRequestFilter.doFilter(OncePerRequestFilter.java:116)
	at org.apache.catalina.core.ApplicationFilterChain.internalDoFilter(ApplicationFilterChain.java:164)
	at org.apache.catalina.core.ApplicationFilterChain.doFilter(ApplicationFilterChain.java:140)
	at org.apache.catalina.core.StandardWrapperValve.invoke(StandardWrapperValve.java:167)
	at org.apache.catalina.core.StandardContextValve.invoke(StandardContextValve.java:90)
	at org.apache.catalina.authenticator.AuthenticatorBase.invoke(AuthenticatorBase.java:483)
	at org.apache.catalina.core.StandardHostValve.invoke(StandardHostValve.java:116)
	at org.apache.catalina.valves.ErrorReportValve.invoke(ErrorReportValve.java:93)
	at org.apache.catalina.core.StandardEngineValve.invoke(StandardEngineValve.java:74)
	at org.apache.catalina.connector.CoyoteAdapter.service(CoyoteAdapter.java:344)
	at org.apache.coyote.http11.Http11Processor.service(Http11Processor.java:398)
	at org.apache.coyote.AbstractProcessorLight.process(AbstractProcessorLight.java:63)
	at org.apache.coyote.AbstractProtocol$ConnectionHandler.process(AbstractProtocol.java:903)
	at org.apache.tomcat.util.net.NioEndpoint$SocketProcessor.doRun(NioEndpoint.java:1769)
	at org.apache.tomcat.util.net.SocketProcessorBase.run(SocketProcessorBase.java:52)
	at org.apache.tomcat.util.threads.ThreadPoolExecutor.runWorker(ThreadPoolExecutor.java:1189)
	at org.apache.tomcat.util.threads.ThreadPoolExecutor$Worker.run(ThreadPoolExecutor.java:658)
	at org.apache.tomcat.util.threads.TaskThread$WrappingRunnable.run(TaskThread.java:63)
	at java.base/java.lang.Thread.run(Thread.java:840)
2025-08-21 20:58:26 INFO  - JWT: eyJhbGciOiJIUzI1NiJ9.eyJyb2xlIjoiQURNSU4iLCJ1c2VySWQiOjExLCJ1c2VybmFtZSI6ImFkbWluIiwic3ViIjoiYWRtaW4iLCJpYXQiOjE3NTU3OTkxMDYsImV4cCI6MTc1NTgwOTkwNn0.2Sq0Vk5qVCJoI8GY2PGMoYnyU0ozbktE_TcygLkbOXk
2025-08-21 20:58:26 INFO  - Extracted username from JWT: admin
2025-08-21 20:58:26 INFO  - UserDetails loaded: admin
2025-08-21 20:58:26 INFO  - JWT: eyJhbGciOiJIUzI1NiJ9.eyJyb2xlIjoiQURNSU4iLCJ1c2VySWQiOjExLCJ1c2VybmFtZSI6ImFkbWluIiwic3ViIjoiYWRtaW4iLCJpYXQiOjE3NTU3OTkxMDYsImV4cCI6MTc1NTgwOTkwNn0.2Sq0Vk5qVCJoI8GY2PGMoYnyU0ozbktE_TcygLkbOXk
2025-08-21 20:58:26 INFO  - Extracted username from JWT: admin
2025-08-21 20:58:26 INFO  - UserDetails loaded: admin
2025-08-21 21:36:41 INFO  - JWT: eyJhbGciOiJIUzI1NiJ9.eyJyb2xlIjoiQURNSU4iLCJ1c2VySWQiOjExLCJ1c2VybmFtZSI6ImFkbWluIiwic3ViIjoiYWRtaW4iLCJpYXQiOjE3NTU3OTkxMDYsImV4cCI6MTc1NTgwOTkwNn0.2Sq0Vk5qVCJoI8GY2PGMoYnyU0ozbktE_TcygLkbOXk
2025-08-21 21:36:42 INFO  - Extracted username from JWT: admin
2025-08-21 21:36:42 INFO  - UserDetails loaded: admin
2025-08-21 21:36:42 INFO  - JWT: eyJhbGciOiJIUzI1NiJ9.eyJyb2xlIjoiQURNSU4iLCJ1c2VySWQiOjExLCJ1c2VybmFtZSI6ImFkbWluIiwic3ViIjoiYWRtaW4iLCJpYXQiOjE3NTU3OTkxMDYsImV4cCI6MTc1NTgwOTkwNn0.2Sq0Vk5qVCJoI8GY2PGMoYnyU0ozbktE_TcygLkbOXk
2025-08-21 21:36:42 INFO  - Extracted username from JWT: admin
2025-08-21 21:36:42 INFO  - UserDetails loaded: admin
2025-08-21 21:36:45 INFO  - JWT: eyJhbGciOiJIUzI1NiJ9.eyJyb2xlIjoiQURNSU4iLCJ1c2VySWQiOjExLCJ1c2VybmFtZSI6ImFkbWluIiwic3ViIjoiYWRtaW4iLCJpYXQiOjE3NTU3OTkxMDYsImV4cCI6MTc1NTgwOTkwNn0.2Sq0Vk5qVCJoI8GY2PGMoYnyU0ozbktE_TcygLkbOXk
2025-08-21 21:36:45 INFO  - Extracted username from JWT: admin
2025-08-21 21:36:45 INFO  - UserDetails loaded: admin
2025-08-21 21:36:48 INFO  - JWT: eyJhbGciOiJIUzI1NiJ9.eyJyb2xlIjoiQURNSU4iLCJ1c2VySWQiOjExLCJ1c2VybmFtZSI6ImFkbWluIiwic3ViIjoiYWRtaW4iLCJpYXQiOjE3NTU3OTkxMDYsImV4cCI6MTc1NTgwOTkwNn0.2Sq0Vk5qVCJoI8GY2PGMoYnyU0ozbktE_TcygLkbOXk
2025-08-21 21:36:48 INFO  - Extracted username from JWT: admin
2025-08-21 21:36:48 INFO  - UserDetails loaded: admin
2025-08-21 21:36:48 INFO  - JWT: eyJhbGciOiJIUzI1NiJ9.eyJyb2xlIjoiQURNSU4iLCJ1c2VySWQiOjExLCJ1c2VybmFtZSI6ImFkbWluIiwic3ViIjoiYWRtaW4iLCJpYXQiOjE3NTU3OTkxMDYsImV4cCI6MTc1NTgwOTkwNn0.2Sq0Vk5qVCJoI8GY2PGMoYnyU0ozbktE_TcygLkbOXk
2025-08-21 21:36:48 INFO  - Extracted username from JWT: admin
2025-08-21 21:36:48 INFO  - UserDetails loaded: admin
2025-08-21 21:37:12 INFO  - JWT: eyJhbGciOiJIUzI1NiJ9.eyJyb2xlIjoiQURNSU4iLCJ1c2VySWQiOjE0LCJ1c2VybmFtZSI6ImFubmEiLCJzdWIiOiJhbm5hIiwiaWF0IjoxNzU1ODAxNDMyLCJleHAiOjE3NTU4MTIyMzJ9.0AxsEfI6ebti5ExjkjaYAyvzltsiRK-XpV3-BEE4fmI
2025-08-21 21:37:12 INFO  - Extracted username from JWT: anna
2025-08-21 21:37:12 INFO  - UserDetails loaded: anna
2025-08-21 21:37:13 INFO  - JWT: eyJhbGciOiJIUzI1NiJ9.eyJyb2xlIjoiQURNSU4iLCJ1c2VySWQiOjE0LCJ1c2VybmFtZSI6ImFubmEiLCJzdWIiOiJhbm5hIiwiaWF0IjoxNzU1ODAxNDMyLCJleHAiOjE3NTU4MTIyMzJ9.0AxsEfI6ebti5ExjkjaYAyvzltsiRK-XpV3-BEE4fmI
2025-08-21 21:37:13 INFO  - Extracted username from JWT: anna
2025-08-21 21:37:13 INFO  - UserDetails loaded: anna
2025-08-21 21:37:13 INFO  - JWT: eyJhbGciOiJIUzI1NiJ9.eyJyb2xlIjoiQURNSU4iLCJ1c2VySWQiOjE0LCJ1c2VybmFtZSI6ImFubmEiLCJzdWIiOiJhbm5hIiwiaWF0IjoxNzU1ODAxNDMyLCJleHAiOjE3NTU4MTIyMzJ9.0AxsEfI6ebti5ExjkjaYAyvzltsiRK-XpV3-BEE4fmI
2025-08-21 21:37:13 INFO  - Extracted username from JWT: anna
2025-08-21 21:37:14 INFO  - UserDetails loaded: anna
2025-08-21 21:37:28 INFO  - JWT: eyJhbGciOiJIUzI1NiJ9.eyJyb2xlIjoiQURNSU4iLCJ1c2VySWQiOjExLCJ1c2VybmFtZSI6ImFkbWluIiwic3ViIjoiYWRtaW4iLCJpYXQiOjE3NTU4MDE0NDgsImV4cCI6MTc1NTgxMjI0OH0.KXSVBGfh8lq2pwkM8QjUrp4vUBVIOBzfLZVXourYKhA
2025-08-21 21:37:28 INFO  - Extracted username from JWT: admin
2025-08-21 21:37:28 INFO  - UserDetails loaded: admin
2025-08-21 21:37:29 INFO  - JWT: eyJhbGciOiJIUzI1NiJ9.eyJyb2xlIjoiQURNSU4iLCJ1c2VySWQiOjExLCJ1c2VybmFtZSI6ImFkbWluIiwic3ViIjoiYWRtaW4iLCJpYXQiOjE3NTU4MDE0NDgsImV4cCI6MTc1NTgxMjI0OH0.KXSVBGfh8lq2pwkM8QjUrp4vUBVIOBzfLZVXourYKhA
2025-08-21 21:37:29 INFO  - Extracted username from JWT: admin
2025-08-21 21:37:29 INFO  - UserDetails loaded: admin
2025-08-21 21:37:29 INFO  - JWT: eyJhbGciOiJIUzI1NiJ9.eyJyb2xlIjoiQURNSU4iLCJ1c2VySWQiOjExLCJ1c2VybmFtZSI6ImFkbWluIiwic3ViIjoiYWRtaW4iLCJpYXQiOjE3NTU4MDE0NDgsImV4cCI6MTc1NTgxMjI0OH0.KXSVBGfh8lq2pwkM8QjUrp4vUBVIOBzfLZVXourYKhA
2025-08-21 21:37:29 INFO  - Extracted username from JWT: admin
2025-08-21 21:37:29 INFO  - UserDetails loaded: admin
2025-08-21 21:38:35 INFO  - JWT: eyJhbGciOiJIUzI1NiJ9.eyJyb2xlIjoiQURNSU4iLCJ1c2VySWQiOjExLCJ1c2VybmFtZSI6ImFkbWluIiwic3ViIjoiYWRtaW4iLCJpYXQiOjE3NTU4MDE1MTUsImV4cCI6MTc1NTgxMjMxNX0.VhTWPoW-Odo2xMEMzTT7lxQ19XltOHOdb_dU2Ik_LT0
2025-08-21 21:38:35 INFO  - Extracted username from JWT: admin
2025-08-21 21:38:35 INFO  - UserDetails loaded: admin
2025-08-21 21:38:35 INFO  - JWT: eyJhbGciOiJIUzI1NiJ9.eyJyb2xlIjoiQURNSU4iLCJ1c2VySWQiOjExLCJ1c2VybmFtZSI6ImFkbWluIiwic3ViIjoiYWRtaW4iLCJpYXQiOjE3NTU4MDE1MTUsImV4cCI6MTc1NTgxMjMxNX0.VhTWPoW-Odo2xMEMzTT7lxQ19XltOHOdb_dU2Ik_LT0
2025-08-21 21:38:35 INFO  - Extracted username from JWT: admin
2025-08-21 21:38:35 INFO  - UserDetails loaded: admin
2025-08-21 21:38:35 INFO  - JWT: eyJhbGciOiJIUzI1NiJ9.eyJyb2xlIjoiQURNSU4iLCJ1c2VySWQiOjExLCJ1c2VybmFtZSI6ImFkbWluIiwic3ViIjoiYWRtaW4iLCJpYXQiOjE3NTU4MDE1MTUsImV4cCI6MTc1NTgxMjMxNX0.VhTWPoW-Odo2xMEMzTT7lxQ19XltOHOdb_dU2Ik_LT0
2025-08-21 21:38:35 INFO  - Extracted username from JWT: admin
2025-08-21 21:38:35 INFO  - UserDetails loaded: admin
2025-08-21 21:47:13 INFO  - JWT: eyJhbGciOiJIUzI1NiJ9.eyJyb2xlIjoiQURNSU4iLCJ1c2VySWQiOjExLCJ1c2VybmFtZSI6ImFkbWluIiwic3ViIjoiYWRtaW4iLCJpYXQiOjE3NTU4MDE1MTUsImV4cCI6MTc1NTgxMjMxNX0.VhTWPoW-Odo2xMEMzTT7lxQ19XltOHOdb_dU2Ik_LT0
2025-08-21 21:47:13 INFO  - Extracted username from JWT: admin
2025-08-21 21:47:13 INFO  - UserDetails loaded: admin
2025-08-21 21:47:13 INFO  - JWT: eyJhbGciOiJIUzI1NiJ9.eyJyb2xlIjoiQURNSU4iLCJ1c2VySWQiOjExLCJ1c2VybmFtZSI6ImFkbWluIiwic3ViIjoiYWRtaW4iLCJpYXQiOjE3NTU4MDE1MTUsImV4cCI6MTc1NTgxMjMxNX0.VhTWPoW-Odo2xMEMzTT7lxQ19XltOHOdb_dU2Ik_LT0
2025-08-21 21:47:13 INFO  - Extracted username from JWT: admin
2025-08-21 21:47:13 INFO  - UserDetails loaded: admin
2025-08-21 21:47:13 INFO  - JWT: eyJhbGciOiJIUzI1NiJ9.eyJyb2xlIjoiQURNSU4iLCJ1c2VySWQiOjExLCJ1c2VybmFtZSI6ImFkbWluIiwic3ViIjoiYWRtaW4iLCJpYXQiOjE3NTU4MDE1MTUsImV4cCI6MTc1NTgxMjMxNX0.VhTWPoW-Odo2xMEMzTT7lxQ19XltOHOdb_dU2Ik_LT0
2025-08-21 21:47:13 INFO  - Extracted username from JWT: admin
2025-08-21 21:47:13 INFO  - UserDetails loaded: admin
2025-08-21 21:47:13 INFO  - JWT: eyJhbGciOiJIUzI1NiJ9.eyJyb2xlIjoiQURNSU4iLCJ1c2VySWQiOjExLCJ1c2VybmFtZSI6ImFkbWluIiwic3ViIjoiYWRtaW4iLCJpYXQiOjE3NTU4MDE1MTUsImV4cCI6MTc1NTgxMjMxNX0.VhTWPoW-Odo2xMEMzTT7lxQ19XltOHOdb_dU2Ik_LT0
2025-08-21 21:47:14 INFO  - Extracted username from JWT: admin
2025-08-21 21:47:14 INFO  - UserDetails loaded: admin
2025-08-21 21:47:26 INFO  - JWT: eyJhbGciOiJIUzI1NiJ9.eyJyb2xlIjoiQURNSU4iLCJ1c2VySWQiOjExLCJ1c2VybmFtZSI6ImFkbWluIiwic3ViIjoiYWRtaW4iLCJpYXQiOjE3NTU4MDE1MTUsImV4cCI6MTc1NTgxMjMxNX0.VhTWPoW-Odo2xMEMzTT7lxQ19XltOHOdb_dU2Ik_LT0
2025-08-21 21:47:26 INFO  - Extracted username from JWT: admin
2025-08-21 21:47:26 INFO  - UserDetails loaded: admin
2025-08-21 21:47:26 INFO  - JWT: eyJhbGciOiJIUzI1NiJ9.eyJyb2xlIjoiQURNSU4iLCJ1c2VySWQiOjExLCJ1c2VybmFtZSI6ImFkbWluIiwic3ViIjoiYWRtaW4iLCJpYXQiOjE3NTU4MDE1MTUsImV4cCI6MTc1NTgxMjMxNX0.VhTWPoW-Odo2xMEMzTT7lxQ19XltOHOdb_dU2Ik_LT0
2025-08-21 21:47:26 INFO  - Extracted username from JWT: admin
2025-08-21 21:47:26 INFO  - UserDetails loaded: admin
2025-08-21 21:47:26 INFO  - JWT: eyJhbGciOiJIUzI1NiJ9.eyJyb2xlIjoiQURNSU4iLCJ1c2VySWQiOjExLCJ1c2VybmFtZSI6ImFkbWluIiwic3ViIjoiYWRtaW4iLCJpYXQiOjE3NTU4MDE1MTUsImV4cCI6MTc1NTgxMjMxNX0.VhTWPoW-Odo2xMEMzTT7lxQ19XltOHOdb_dU2Ik_LT0
2025-08-21 21:47:26 INFO  - Extracted username from JWT: admin
2025-08-21 21:47:26 INFO  - UserDetails loaded: admin
2025-08-21 21:47:26 INFO  - JWT: eyJhbGciOiJIUzI1NiJ9.eyJyb2xlIjoiQURNSU4iLCJ1c2VySWQiOjExLCJ1c2VybmFtZSI6ImFkbWluIiwic3ViIjoiYWRtaW4iLCJpYXQiOjE3NTU4MDE1MTUsImV4cCI6MTc1NTgxMjMxNX0.VhTWPoW-Odo2xMEMzTT7lxQ19XltOHOdb_dU2Ik_LT0
2025-08-21 21:47:26 INFO  - Extracted username from JWT: admin
2025-08-21 21:47:26 INFO  - UserDetails loaded: admin
2025-08-21 21:48:17 INFO  - JWT: eyJhbGciOiJIUzI1NiJ9.eyJyb2xlIjoiQURNSU4iLCJ1c2VySWQiOjExLCJ1c2VybmFtZSI6ImFkbWluIiwic3ViIjoiYWRtaW4iLCJpYXQiOjE3NTU4MDIwOTcsImV4cCI6MTc1NTgxMjg5N30.eDARsARrR0xWCgZbZ8ALrQ8LHkiuFi5OERRWf8ZY6lw
2025-08-21 21:48:17 INFO  - Extracted username from JWT: admin
2025-08-21 21:48:17 INFO  - UserDetails loaded: admin
2025-08-21 21:48:19 INFO  - JWT: eyJhbGciOiJIUzI1NiJ9.eyJyb2xlIjoiQURNSU4iLCJ1c2VySWQiOjExLCJ1c2VybmFtZSI6ImFkbWluIiwic3ViIjoiYWRtaW4iLCJpYXQiOjE3NTU4MDIwOTcsImV4cCI6MTc1NTgxMjg5N30.eDARsARrR0xWCgZbZ8ALrQ8LHkiuFi5OERRWf8ZY6lw
2025-08-21 21:48:19 INFO  - Extracted username from JWT: admin
2025-08-21 21:48:19 INFO  - UserDetails loaded: admin
2025-08-21 21:48:20 INFO  - JWT: eyJhbGciOiJIUzI1NiJ9.eyJyb2xlIjoiQURNSU4iLCJ1c2VySWQiOjExLCJ1c2VybmFtZSI6ImFkbWluIiwic3ViIjoiYWRtaW4iLCJpYXQiOjE3NTU4MDIwOTcsImV4cCI6MTc1NTgxMjg5N30.eDARsARrR0xWCgZbZ8ALrQ8LHkiuFi5OERRWf8ZY6lw
2025-08-21 21:48:20 INFO  - Extracted username from JWT: admin
2025-08-21 21:48:20 INFO  - UserDetails loaded: admin
2025-08-21 21:51:17 INFO  - JWT: eyJhbGciOiJIUzI1NiJ9.eyJyb2xlIjoiQURNSU4iLCJ1c2VySWQiOjE3LCJ1c2VybmFtZSI6Im1hcmlvcyIsInN1YiI6Im1hcmlvcyIsImlhdCI6MTc1NTgwMjI3NywiZXhwIjoxNzU1ODEzMDc3fQ.BJdTErhJVMI-lxnsZMMB6uZ5apTE-vVj9EijwmesGL0
2025-08-21 21:51:17 INFO  - Extracted username from JWT: marios
2025-08-21 21:51:18 INFO  - UserDetails loaded: marios
2025-08-21 21:51:18 INFO  - JWT: eyJhbGciOiJIUzI1NiJ9.eyJyb2xlIjoiQURNSU4iLCJ1c2VySWQiOjE3LCJ1c2VybmFtZSI6Im1hcmlvcyIsInN1YiI6Im1hcmlvcyIsImlhdCI6MTc1NTgwMjI3NywiZXhwIjoxNzU1ODEzMDc3fQ.BJdTErhJVMI-lxnsZMMB6uZ5apTE-vVj9EijwmesGL0
2025-08-21 21:51:18 INFO  - Extracted username from JWT: marios
2025-08-21 21:51:18 INFO  - UserDetails loaded: marios
2025-08-21 21:51:18 INFO  - JWT: eyJhbGciOiJIUzI1NiJ9.eyJyb2xlIjoiQURNSU4iLCJ1c2VySWQiOjE3LCJ1c2VybmFtZSI6Im1hcmlvcyIsInN1YiI6Im1hcmlvcyIsImlhdCI6MTc1NTgwMjI3NywiZXhwIjoxNzU1ODEzMDc3fQ.BJdTErhJVMI-lxnsZMMB6uZ5apTE-vVj9EijwmesGL0
2025-08-21 21:51:18 INFO  - Extracted username from JWT: marios
2025-08-21 21:51:18 INFO  - UserDetails loaded: marios
2025-08-21 21:52:15 INFO  - JWT: eyJhbGciOiJIUzI1NiJ9.eyJyb2xlIjoiQURNSU4iLCJ1c2VySWQiOjExLCJ1c2VybmFtZSI6ImFkbWluIiwic3ViIjoiYWRtaW4iLCJpYXQiOjE3NTU4MDIzMzUsImV4cCI6MTc1NTgxMzEzNX0.-KMXAmVUiaOfKX8-lJVC0FNNWTGAs9MpRCF2762-Ipk
2025-08-21 21:52:15 INFO  - Extracted username from JWT: admin
2025-08-21 21:52:15 INFO  - UserDetails loaded: admin
2025-08-21 21:52:15 INFO  - JWT: eyJhbGciOiJIUzI1NiJ9.eyJyb2xlIjoiQURNSU4iLCJ1c2VySWQiOjExLCJ1c2VybmFtZSI6ImFkbWluIiwic3ViIjoiYWRtaW4iLCJpYXQiOjE3NTU4MDIzMzUsImV4cCI6MTc1NTgxMzEzNX0.-KMXAmVUiaOfKX8-lJVC0FNNWTGAs9MpRCF2762-Ipk
2025-08-21 21:52:15 INFO  - Extracted username from JWT: admin
2025-08-21 21:52:15 INFO  - UserDetails loaded: admin
2025-08-21 21:52:16 INFO  - JWT: eyJhbGciOiJIUzI1NiJ9.eyJyb2xlIjoiQURNSU4iLCJ1c2VySWQiOjExLCJ1c2VybmFtZSI6ImFkbWluIiwic3ViIjoiYWRtaW4iLCJpYXQiOjE3NTU4MDIzMzUsImV4cCI6MTc1NTgxMzEzNX0.-KMXAmVUiaOfKX8-lJVC0FNNWTGAs9MpRCF2762-Ipk
2025-08-21 21:52:16 INFO  - Extracted username from JWT: admin
2025-08-21 21:52:16 INFO  - UserDetails loaded: admin
2025-08-21 21:52:31 INFO  - JWT: eyJhbGciOiJIUzI1NiJ9.eyJyb2xlIjoiQURNSU4iLCJ1c2VySWQiOjExLCJ1c2VybmFtZSI6ImFkbWluIiwic3ViIjoiYWRtaW4iLCJpYXQiOjE3NTU4MDIzMzUsImV4cCI6MTc1NTgxMzEzNX0.-KMXAmVUiaOfKX8-lJVC0FNNWTGAs9MpRCF2762-Ipk
2025-08-21 21:52:31 INFO  - Extracted username from JWT: admin
2025-08-21 21:52:31 INFO  - UserDetails loaded: admin
2025-08-21 21:52:31 INFO  - JWT: eyJhbGciOiJIUzI1NiJ9.eyJyb2xlIjoiQURNSU4iLCJ1c2VySWQiOjExLCJ1c2VybmFtZSI6ImFkbWluIiwic3ViIjoiYWRtaW4iLCJpYXQiOjE3NTU4MDIzMzUsImV4cCI6MTc1NTgxMzEzNX0.-KMXAmVUiaOfKX8-lJVC0FNNWTGAs9MpRCF2762-Ipk
2025-08-21 21:52:31 INFO  - Extracted username from JWT: admin
2025-08-21 21:52:31 INFO  - UserDetails loaded: admin
2025-08-21 21:52:35 INFO  - JWT: eyJhbGciOiJIUzI1NiJ9.eyJyb2xlIjoiQURNSU4iLCJ1c2VySWQiOjExLCJ1c2VybmFtZSI6ImFkbWluIiwic3ViIjoiYWRtaW4iLCJpYXQiOjE3NTU4MDIzMzUsImV4cCI6MTc1NTgxMzEzNX0.-KMXAmVUiaOfKX8-lJVC0FNNWTGAs9MpRCF2762-Ipk
2025-08-21 21:52:35 INFO  - Extracted username from JWT: admin
2025-08-21 21:52:35 INFO  - UserDetails loaded: admin
2025-08-21 21:52:35 INFO  - JWT: eyJhbGciOiJIUzI1NiJ9.eyJyb2xlIjoiQURNSU4iLCJ1c2VySWQiOjExLCJ1c2VybmFtZSI6ImFkbWluIiwic3ViIjoiYWRtaW4iLCJpYXQiOjE3NTU4MDIzMzUsImV4cCI6MTc1NTgxMzEzNX0.-KMXAmVUiaOfKX8-lJVC0FNNWTGAs9MpRCF2762-Ipk
2025-08-21 21:52:35 INFO  - Extracted username from JWT: admin
2025-08-21 21:52:35 INFO  - UserDetails loaded: admin
