2025-08-20 00:11:31 INFO  - HV000001: Hibernate Validator 8.0.2.Final
2025-08-20 00:11:31 INFO  - Starting SpotABirdApp using Java 17.0.13 with PID 9860 (C:\Users\eva_8\IdeaProjects\spot_a_bird_app\build\classes\java\main started by eva in C:\Users\eva_8\IdeaProjects\spot_a_bird_app)
2025-08-20 00:11:31 INFO  - No active profile set, falling back to 1 default profile: "default"
2025-08-20 00:11:39 INFO  - Bootstrapping Spring Data JPA repositories in DEFAULT mode.
2025-08-20 00:11:39 INFO  - Finished Spring Data repository scanning in 151 ms. Found 6 JPA repository interfaces.
2025-08-20 00:11:42 INFO  - Tomcat initialized with port 8080 (http)
2025-08-20 00:11:42 INFO  - Root WebApplicationContext: initialization completed in 10788 ms
2025-08-20 00:11:43 INFO  - HHH000412: Hibernate ORM core version 6.6.18.Final
2025-08-20 00:11:43 INFO  - HHH000026: Second-level cache disabled
2025-08-20 00:11:44 INFO  - No LoadTimeWeaver setup: ignoring JPA class transformer
2025-08-20 00:11:49 INFO  - HHH10001005: Database info:
	Database JDBC URL [Connecting through datasource 'HikariDataSource (HikariPool-1)']
	Database driver: undefined/unknown
	Database version: 8.0.41
	Autocommit mode: undefined/unknown
	Isolation level: undefined/unknown
	Minimum pool size: undefined/unknown
	Maximum pool size: undefined/unknown
2025-08-20 00:11:52 INFO  - HHH000489: No JTA platform available (set 'hibernate.transaction.jta.platform' to enable JTA platform integration)
2025-08-20 00:11:52 INFO  - Initialized JPA EntityManagerFactory for persistence unit 'default'
2025-08-20 00:11:53 INFO  - Hibernate is in classpath; If applicable, HQL parser will be used.
2025-08-20 00:11:55 INFO  - Global AuthenticationManager configured with UserDetailsService bean with name customUserDetailsService
2025-08-20 00:12:02 WARN  - spring.jpa.open-in-view is enabled by default. Therefore, database queries may be performed during view rendering. Explicitly configure spring.jpa.open-in-view to disable this warning
2025-08-20 00:12:04 INFO  - Tomcat started on port 8080 (http) with context path '/'
2025-08-20 00:12:04 INFO  - Started SpotABirdApp in 34.739 seconds (process running for 37.211)
2025-08-20 00:14:57 INFO  - Initializing Servlet 'dispatcherServlet'
2025-08-20 00:14:57 INFO  - Completed initialization in 0 ms
2025-08-20 01:15:13 INFO  - JWT: eyJhbGciOiJIUzI1NiJ9.eyJyb2xlIjoiQURNSU4iLCJ1c2VySWQiOjExLCJ1c2VybmFtZSI6ImFkbWluIiwic3ViIjoiYWRtaW4iLCJpYXQiOjE3NTU2NDAxNzYsImV4cCI6MTc1NTY1MDk3Nn0.tzI6jKv2vI6Ho-DDmsQ4s9ULoCGC3F8h5fM_kHz9GgQ
2025-08-20 01:15:17 INFO  - Extracted username from JWT: admin
2025-08-20 01:15:19 INFO  - UserDetails loaded: admin
2025-08-20 01:15:24 WARN  - Serializing PageImpl instances as-is is not supported, meaning that there is no guarantee about the stability of the resulting JSON structure!
	For a stable JSON structure, please use Spring Data's PagedModel (globally via @EnableSpringDataWebSupport(pageSerializationMode = VIA_DTO))
	or Spring HATEOAS and Spring Data's PagedResourcesAssembler as documented in https://docs.spring.io/spring-data/commons/reference/repositories/core-extensions.html#core.web.pageables.

