2025-08-19 21:29:59 INFO  - HV000001: Hibernate Validator 8.0.2.Final
2025-08-19 21:30:00 INFO  - Starting SpotABirdApp using Java 17.0.13 with PID 8828 (C:\Users\eva_8\IdeaProjects\spot_a_bird_app\build\classes\java\main started by eva in C:\Users\eva_8\IdeaProjects\spot_a_bird_app)
2025-08-19 21:30:00 INFO  - No active profile set, falling back to 1 default profile: "default"
2025-08-19 21:30:08 INFO  - Bootstrapping Spring Data JPA repositories in DEFAULT mode.
2025-08-19 21:30:08 INFO  - Finished Spring Data repository scanning in 121 ms. Found 6 JPA repository interfaces.
2025-08-19 21:30:11 INFO  - Tomcat initialized with port 8080 (http)
2025-08-19 21:30:12 INFO  - Root WebApplicationContext: initialization completed in 11608 ms
2025-08-19 21:30:13 INFO  - HHH000412: Hibernate ORM core version 6.6.18.Final
2025-08-19 21:30:13 INFO  - HHH000026: Second-level cache disabled
2025-08-19 21:30:14 INFO  - No LoadTimeWeaver setup: ignoring JPA class transformer
2025-08-19 21:30:18 INFO  - HHH10001005: Database info:
	Database JDBC URL [Connecting through datasource 'HikariDataSource (HikariPool-1)']
	Database driver: undefined/unknown
	Database version: 8.0.41
	Autocommit mode: undefined/unknown
	Isolation level: undefined/unknown
	Minimum pool size: undefined/unknown
	Maximum pool size: undefined/unknown
2025-08-19 21:30:24 INFO  - HHH000489: No JTA platform available (set 'hibernate.transaction.jta.platform' to enable JTA platform integration)
2025-08-19 21:30:25 INFO  - Initialized JPA EntityManagerFactory for persistence unit 'default'
2025-08-19 21:30:26 INFO  - Hibernate is in classpath; If applicable, HQL parser will be used.
2025-08-19 21:30:28 INFO  - Global AuthenticationManager configured with UserDetailsService bean with name customUserDetailsService
2025-08-19 21:30:33 WARN  - spring.jpa.open-in-view is enabled by default. Therefore, database queries may be performed during view rendering. Explicitly configure spring.jpa.open-in-view to disable this warning
2025-08-19 21:30:36 INFO  - Tomcat started on port 8080 (http) with context path '/'
2025-08-19 21:30:36 INFO  - Started SpotABirdApp in 40.276 seconds (process running for 41.922)
2025-08-19 21:31:01 INFO  - Initializing Servlet 'dispatcherServlet'
2025-08-19 21:31:01 INFO  - Completed initialization in 2 ms
